#
# A fatal error has been detected by the Java Runtime Environment:
#
#  EXCEPTION_ACCESS_VIOLATION (0xc0000005) at pc=0x00007ffa19e6fc77, pid=16264, tid=33592
#
# JRE version: OpenJDK Runtime Environment Corretto-21.0.4.7.1 (21.0.4+7) (build 21.0.4+7-LTS)
# Java VM: OpenJDK 64-Bit Server VM Corretto-21.0.4.7.1 (21.0.4+7-LTS, mixed mode, sharing, tiered, compressed oops, compressed class ptrs, g1 gc, windows-amd64)
# Problematic frame:
# V  [jvm.dll+0x87fc77]
#
# No core dump will be written. Minidumps are not enabled by default on client versions of Windows
#
# If you would like to submit a bug report, please visit:
#   https://github.com/corretto/corretto-21/issues/
#

---------------  S U M M A R Y ------------

Command Line: -javaagent:C:\Program Files\JetBrains\IntelliJ IDEA Community Edition 2023.2.1\lib\idea_rt.jar=49312:C:\Program Files\JetBrains\IntelliJ IDEA Community Edition 2023.2.1\bin -Dfile.encoding=UTF-8 -Dsun.stdout.encoding=UTF-8 -Dsun.stderr.encoding=UTF-8 org.example.MinecraftClientTitleTest

Host: 13th Gen Intel(R) Core(TM) i7-13650HX, 20 cores, 15G,  Windows 11 , 64 bit Build 22621 (10.0.22621.4391)
Time: Mon Nov  4 13:15:02 2024  Windows 11 , 64 bit Build 22621 (10.0.22621.4391) elapsed time: 1.410275 seconds (0d 0h 0m 1s)

---------------  T H R E A D  ---------------

Current thread (0x00000244f7816ed0):  JavaThread "nioEventLoopGroup-2-1"        [_thread_in_vm, id=33592, stack(0x0000009f9b000000,0x0000009f9b100000) (1024K)]

Stack: [0x0000009f9b000000,0x0000009f9b100000],  sp=0x0000009f9b0fe670,  free space=1017k
Native frames: (J=compiled Java code, j=interpreted, Vv=VM code, C=native code)
V  [jvm.dll+0x87fc77]
C  0x00000244e6f0ce4b

The last pc belongs to native method entry point (kind = native) (printed below).
Java frames: (J=compiled Java code, j=interpreted, Vv=VM code)
j  jdk.internal.misc.Unsafe.putLong(Ljava/lang/Object;JJ)V+0 java.base@21.0.4
j  jdk.internal.misc.Unsafe.putAddress(Ljava/lang/Object;JJ)V+24 java.base@21.0.4
j  jdk.internal.misc.Unsafe.putAddress(JJ)V+4 java.base@21.0.4
j  sun.misc.Unsafe.putAddress(JJ)V+5 jdk.unsupported@21.0.4
j  org.example.MinecraftClientTitleTest$5$1.exceptionCaught(Lio/netty/channel/ChannelHandlerContext;Ljava/lang/Throwable;)V+26
j  io.netty.channel.AbstractChannelHandlerContext.invokeExceptionCaught(Ljava/lang/Throwable;)V+13
j  io.netty.channel.AbstractChannelHandlerContext.invokeChannelRead(Ljava/lang/Object;)V+70
j  io.netty.channel.AbstractChannelHandlerContext.invokeChannelRead(Lio/netty/channel/AbstractChannelHandlerContext;Ljava/lang/Object;)V+31
j  io.netty.channel.AbstractChannelHandlerContext.fireChannelRead(Ljava/lang/Object;)Lio/netty/channel/ChannelHandlerContext;+7
j  io.netty.handler.codec.ByteToMessageDecoder.fireChannelRead(Lio/netty/channel/ChannelHandlerContext;Lio/netty/handler/codec/CodecOutputList;I)V+13
j  io.netty.handler.codec.ByteToMessageDecoder.channelRead(Lio/netty/channel/ChannelHandlerContext;Ljava/lang/Object;)V+210
j  io.netty.channel.AbstractChannelHandlerContext.invokeChannelRead(Ljava/lang/Object;)V+59
j  io.netty.channel.AbstractChannelHandlerContext.invokeChannelRead(Lio/netty/channel/AbstractChannelHandlerContext;Ljava/lang/Object;)V+31
j  io.netty.channel.AbstractChannelHandlerContext.fireChannelRead(Ljava/lang/Object;)Lio/netty/channel/ChannelHandlerContext;+7
j  io.netty.channel.DefaultChannelPipeline$HeadContext.channelRead(Lio/netty/channel/ChannelHandlerContext;Ljava/lang/Object;)V+2
j  io.netty.channel.AbstractChannelHandlerContext.invokeChannelRead(Ljava/lang/Object;)V+28
j  io.netty.channel.AbstractChannelHandlerContext.invokeChannelRead(Lio/netty/channel/AbstractChannelHandlerContext;Ljava/lang/Object;)V+31
j  io.netty.channel.DefaultChannelPipeline.fireChannelRead(Ljava/lang/Object;)Lio/netty/channel/ChannelPipeline;+5
j  io.netty.channel.nio.AbstractNioByteChannel$NioByteUnsafe.read()V+159
j  io.netty.channel.nio.NioEventLoop.processSelectedKey(Ljava/nio/channels/SelectionKey;Lio/netty/channel/nio/AbstractNioChannel;)V+110
j  io.netty.channel.nio.NioEventLoop.processSelectedKeysOptimized()V+51
j  io.netty.channel.nio.NioEventLoop.processSelectedKeys()V+8
j  io.netty.channel.nio.NioEventLoop.run()V+263
j  io.netty.util.concurrent.SingleThreadEventExecutor$4.run()V+44
j  io.netty.util.internal.ThreadExecutorMap$2.run()V+11
j  io.netty.util.concurrent.FastThreadLocalRunnable.run()V+4
j  java.lang.Thread.runWith(Ljava/lang/Object;Ljava/lang/Runnable;)V+5 java.base@21.0.4
j  java.lang.Thread.run()V+19 java.base@21.0.4
v  ~StubRoutines::call_stub 0x00000244e6f0100d

siginfo: EXCEPTION_ACCESS_VIOLATION (0xc0000005), writing address 0x0000000000000000


Registers:
RAX=0x0000000000000000, RBX=0x00000244f7816ed0, RCX=0x0000000000000000, RDX=0x0000009f9b0fe788
RSP=0x0000009f9b0fe670, RBP=0x0000009f9b0fe740, RSI=0x0000000000000000, RDI=0x0000000000000000
R8 =0x0000000000000000, R9 =0x0000000000000000, R10=0x00000244e6f0ce1c, R11=0x0000000000000101
R12=0x0000000000000000, R13=0x0000024480be13b0, R14=0x0000009f9b0fe788, R15=0x00000244f7816ed0
RIP=0x00007ffa19e6fc77, EFLAGS=0x0000000000010246


Register to memory mapping:

RAX=0x0 is null
RBX=0x00000244f7816ed0 is a thread
RCX=0x0 is null
RDX=0x0000009f9b0fe788 is pointing into the stack for thread: 0x00000244f7816ed0
RSP=0x0000009f9b0fe670 is pointing into the stack for thread: 0x00000244f7816ed0
RBP=0x0000009f9b0fe740 is pointing into the stack for thread: 0x00000244f7816ed0
RSI=0x0 is null
RDI=0x0 is null
R8 =0x0 is null
R9 =0x0 is null
R10=0x00000244e6f0ce1c is at code_begin+1020 in an Interpreter codelet
native method entry point (kind = native)  [0x00000244e6f0ca20, 0x00000244e6f0d548]  2856 bytes
R11=0x0000000000000101 is an unknown value
R12=0x0 is null
R13=0x0000024480be13b0 is pointing into metadata
R14=0x0000009f9b0fe788 is pointing into the stack for thread: 0x00000244f7816ed0
R15=0x00000244f7816ed0 is a thread

Top of Stack: (sp=0x0000009f9b0fe670)
0x0000009f9b0fe670:   0000000000000006 0000000000000001
0x0000009f9b0fe680:   0000024480bdbf98 0000000000000000
0x0000009f9b0fe690:   000000071575e618 00000244e6f0ce4b
0x0000009f9b0fe6a0:   000002448044c040 0000000000000008
0x0000009f9b0fe6b0:   0000009f9b0fe810 00007ffa19c7b59b
0x0000009f9b0fe6c0:   0000000000000000 00000244f87eea80
0x0000009f9b0fe6d0:   0000000000000000 00007ffa199d0e8d
0x0000009f9b0fe6e0:   000000071575e618 00007ffa19c74bcf
0x0000009f9b0fe6f0:   3ff0000000000000 0000009f9b0fe6f8
0x0000009f9b0fe700:   0000000000000000 0000000000000009
0x0000009f9b0fe710:   000002448044ce98 0000000000000000
0x0000009f9b0fe720:   00000007142500d0 000002448044c040
0x0000009f9b0fe730:   0000000000000000 0000009f9b0fe760
0x0000009f9b0fe740:   0000009f9b0fe7d8 00000244e6f08860
0x0000009f9b0fe750:   0000000000000000 00000244e6f0a3d7
0x0000009f9b0fe760:   0000000000000000 0000000000000000
0x0000009f9b0fe770:   0000000000000000 0000000000000000
0x0000009f9b0fe780:   0000000000000000 0000000714250198
0x0000009f9b0fe790:   0000009f9b0fe790 0000024480bdc038
0x0000009f9b0fe7a0:   0000000000000007 000002448044ce98
0x0000009f9b0fe7b0:   0000000000000000 00000007142500d0
0x0000009f9b0fe7c0:   0000024480448a48 0000009f9b0fe760
0x0000009f9b0fe7d0:   0000009f9b0fe7e8 0000009f9b0fe860
0x0000009f9b0fe7e0:   00000244e6f08860 0000000000000000
0x0000009f9b0fe7f0:   0000000000000000 0000000000000000
0x0000009f9b0fe800:   0000000000000000 0000000000000000
0x0000009f9b0fe810:   0000000714250198 0000009f9b0fe818
0x0000009f9b0fe820:   0000024480bdbf9c 0000000000000006
0x0000009f9b0fe830:   000002448044ce98 0000000000000000
0x0000009f9b0fe840:   00000007142500d0 00000244804489f0
0x0000009f9b0fe850:   0000009f9b0fe7e8 0000009f9b0fe870
0x0000009f9b0fe860:   0000009f9b0fe8e0 00000244e6f08860 

Instructions: (pc=0x00007ffa19e6fc77)
0x00007ffa19e6fb77:   18 48 8b 4f 20 48 8b 57 08 48 89 4a 20 48 8d 8b
0x00007ffa19e6fb87:   98 03 00 00 e8 e0 dc a9 ff 90 48 8b c6 48 8b 74
0x00007ffa19e6fb97:   24 38 c7 83 4c 04 00 00 04 00 00 00 48 8b 5c 24
0x00007ffa19e6fba7:   30 48 83 c4 20 5f c3 cc cc 48 89 5c 24 08 48 89
0x00007ffa19e6fbb7:   74 24 10 57 48 83 ec 20 8b 81 b8 00 00 00 48 8d
0x00007ffa19e6fbc7:   99 48 fc ff ff 05 53 21 ff ff 49 8b f1 49 8b f8
0x00007ffa19e6fbd7:   83 f8 01 77 08 48 8b cb e8 fc 67 b7 ff 80 3d dc
0x00007ffa19e6fbe7:   dd 41 00 00 c7 83 4c 04 00 00 06 00 00 00 75 06
0x00007ffa19e6fbf7:   e8 54 92 e4 ff 90 48 8b 83 50 04 00 00 a8 01 74
0x00007ffa19e6fc07:   0d 45 33 c0 b2 01 48 8b cb e8 4b 9d eb ff 8b 83
0x00007ffa19e6fc17:   48 04 00 00 a8 0c 74 08 48 8b cb e8 f9 7c b7 ff
0x00007ffa19e6fc27:   33 c9 c7 83 4c 04 00 00 06 00 00 00 48 85 ff 74
0x00007ffa19e6fc37:   33 48 8b c7 83 e0 03 48 83 f8 01 75 0f 48 8d 4f
0x00007ffa19e6fc47:   ff ff 15 82 0d 3b 00 48 8b c8 eb 18 48 83 f8 02
0x00007ffa19e6fc57:   75 0f 48 8d 4f fe ff 15 bd 83 3a 00 48 8b c8 eb
0x00007ffa19e6fc67:   03 48 8b 0f 48 8b 44 24 50 c6 83 78 04 00 00 01
0x00007ffa19e6fc77:   48 89 04 31 c6 83 78 04 00 00 00 48 8b bb 98 01
0x00007ffa19e6fc87:   00 00 48 8b 4f 10 48 83 39 00 74 0c 48 8b cf e8
0x00007ffa19e6fc97:   05 7c b2 ff 48 8b 4f 10 48 8b 47 08 48 89 48 10
0x00007ffa19e6fca7:   48 8b 4f 08 48 8b 47 18 48 89 41 18 48 8b 4f 08
0x00007ffa19e6fcb7:   48 8b 47 20 48 89 41 20 48 8d 8b 98 03 00 00 e8
0x00007ffa19e6fcc7:   a5 db a9 ff 48 8b 74 24 38 90 c7 83 4c 04 00 00
0x00007ffa19e6fcd7:   04 00 00 00 48 8b 5c 24 30 48 83 c4 20 5f c3 cc
0x00007ffa19e6fce7:   cc cc cc cc cc cc cc cc cc 48 89 5c 24 08 48 89
0x00007ffa19e6fcf7:   74 24 10 57 48 83 ec 30 8b 81 b8 00 00 00 48 8d
0x00007ffa19e6fd07:   99 48 fc ff ff 05 53 21 ff ff 0f 29 74 24 20 49
0x00007ffa19e6fd17:   8b f1 49 8b f8 83 f8 01 77 08 48 8b cb e8 b7 66
0x00007ffa19e6fd27:   b7 ff 80 3d 97 dc 41 00 00 c7 83 4c 04 00 00 06
0x00007ffa19e6fd37:   00 00 00 75 06 e8 0f 91 e4 ff 90 48 8b 83 50 04
0x00007ffa19e6fd47:   00 00 a8 01 74 0d 45 33 c0 b2 01 48 8b cb e8 06
0x00007ffa19e6fd57:   9c eb ff 8b 83 48 04 00 00 a8 0c 74 08 48 8b cb
0x00007ffa19e6fd67:   e8 b4 7b b7 ff 33 c0 c7 83 4c 04 00 00 06 00 00 


Stack slot to memory mapping:

stack at sp + 0 slots: 0x0000000000000006 is an unknown value
stack at sp + 1 slots: 0x0000000000000001 is an unknown value
stack at sp + 2 slots: 0x0000024480bdbf98 is pointing into metadata
stack at sp + 3 slots: 0x0 is null
stack at sp + 4 slots: 0x000000071575e618 is an oop: io.netty.channel.AbstractChannel$AbstractUnsafe$7 
{0x000000071575e618} - klass: 'io/netty/channel/AbstractChannel$AbstractUnsafe$7'
 - ---- fields (total size 3 words):
 - final synthetic 'val$fireChannelInactive' 'Z' @12  true (0x01)
 - final synthetic 'val$promise' 'Lio/netty/channel/ChannelPromise;' @16  a 'io/netty/channel/VoidChannelPromise'{0x000000071422f600} (0xe2845ec0)
 - final synthetic 'this$1' 'Lio/netty/channel/AbstractChannel$AbstractUnsafe;' @20  a 'io/netty/channel/socket/nio/NioSocketChannel$NioSocketChannelUnsafe'{0x000000071422ed88} (0xe2845db1)
stack at sp + 5 slots: 0x00000244e6f0ce4b is at code_begin+1067 in an Interpreter codelet
native method entry point (kind = native)  [0x00000244e6f0ca20, 0x00000244e6f0d548]  2856 bytes
stack at sp + 6 slots: {method} {0x000002448044c048} 'putLong' '(Ljava/lang/Object;JJ)V' in 'jdk/internal/misc/Unsafe'
stack at sp + 7 slots: 0x0000000000000008 is an unknown value

native method entry point (kind = native)  [0x00000244e6f0ca20, 0x00000244e6f0d548]  2856 bytes
[MachCode]
  0x00000244e6f0ca20: 488b 4b08 | 0fb7 492e | 584c 8d74 | ccf8 6800 | 0000 0068 | 0000 0000 | 5055 488b | ec41 5568 
  0x00000244e6f0ca40: 0000 0000 | 4c8b 6b08 | 4d8d 6d38 | 5348 8b53 | 0848 8b52 | 0848 8b52 | 1848 8b52 | 7048 8b12 
  0x00000244e6f0ca60: 5248 8b53 | 1048 85d2 | 0f84 0700 | 0000 4881 | c208 0100 | 0052 488b | 5308 488b | 5208 488b 
  0x00000244e6f0ca80: 5210 5249 | 8bc6 482b | c548 c1e8 | 0350 6800 | 0000 0068 | 0000 0000 | 4889 2424 | 41c6 8779 
  0x00000244e6f0caa0: 0400 0001 | 488b 4310 | 4885 c074 | 208b 88cc | 0000 0083 | c102 8988 | cc00 0000 | 2388 e000 
  0x00000244e6f0cac0: 0000 0f84 | cb09 0000 | e9cf 0000 | 0048 8b43 | 1848 85c0 | 0f85 b000 | 0000 e805 | 0000 00e9 
  0x00000244e6f0cae0: 9900 0000 | 488b d348 | 8d44 2408 | 4c89 6dc0 | 498b cfc5 | f877 4989 | afa8 0300 | 0049 8987 
  0x00000244e6f0cb00: 9803 0000 | 4883 ec20 | 40f6 c40f | 0f84 1900 | 0000 4883 | ec08 48b8 | e0e3 9c19 | fa7f 0000 
  0x00000244e6f0cb20: ffd0 4883 | c408 e90c | 0000 0048 | b8e0 e39c | 19fa 7f00 | 00ff d048 | 83c4 2049 | c787 9803 
  0x00000244e6f0cb40: 0000 0000 | 0000 49c7 | 87a8 0300 | 0000 0000 | 0049 c787 | a003 0000 | 0000 0000 | c5f8 7749 
  0x00000244e6f0cb60: 837f 0800 | 0f84 0500 | 0000 e991 | 43ff ff4c | 8b6d c04c | 8b75 c84e | 8d74 f500 | c348 8b43 
  0x00000244e6f0cb80: 1848 85c0 | 0f84 1200 | 0000 8b48 | 0883 c102 | 8948 0823 | 481c 0f84 | f708 0000 | 493b a7e8 
  0x00000244e6f0cba0: 0400 000f | 8748 0000 | 0089 8424 | 00f0 ffff | 8984 2400 | e0ff ff89 | 8424 00d0 | ffff 8984 
  0x00000244e6f0cbc0: 2400 c0ff | ff89 8424 | 00b0 ffff | 8984 2400 | a0ff ff89 | 8424 0090 | ffff 8984 | 2400 80ff 
  0x00000244e6f0cbe0: ff49 3ba7 | e004 0000 | 7607 4989 | a7e8 0400 | 0041 c687 | 7904 0000 | 0049 ba3f | da28 1afa 
  0x00000244e6f0cc00: 7f00 0041 | 803a 000f | 843e 0000 | 0048 8b55 | e849 8bcf | 4883 ec20 | 40f6 c40f | 0f84 1900 
  0x00000244e6f0cc20: 0000 4883 | ec08 48b8 | 60ec d219 | fa7f 0000 | ffd0 4883 | c408 e90c | 0000 0048 | b860 ecd2 
  0x00000244e6f0cc40: 19fa 7f00 | 00ff d048 | 83c4 2048 | 8b5d e84c | 8b5b 0845 | 0fb7 5b2e | 41c1 e303 | 492b e348 
  0x00000244e6f0cc60: 83ec 2048 | 83e4 f04c | 8b5b 604d | 85db 0f85 | ab00 0000 | e805 0000 | 00e9 9900 | 0000 488b 
  0x00000244e6f0cc80: d348 8d44 | 2408 4c89 | 6dc0 498b | cfc5 f877 | 4989 afa8 | 0300 0049 | 8987 9803 | 0000 4883 
  0x00000244e6f0cca0: ec20 40f6 | c40f 0f84 | 1900 0000 | 4883 ec08 | 48b8 b00a | 9d19 fa7f | 0000 ffd0 | 4883 c408 
  0x00000244e6f0ccc0: e90c 0000 | 0048 b8b0 | 0a9d 19fa | 7f00 00ff | d048 83c4 | 2049 c787 | 9803 0000 | 0000 0000 
  0x00000244e6f0cce0: 49c7 87a8 | 0300 0000 | 0000 0049 | c787 a003 | 0000 0000 | 0000 c5f8 | 7749 837f | 0800 0f84 
  0x00000244e6f0cd00: 0500 0000 | e9f7 41ff | ff4c 8b6d | c04c 8b75 | c84e 8d74 | f500 c348 | 8b5d e84c | 8b5b 6041 
  0x00000244e6f0cd20: ffd3 488b | 5de8 4889 | 4518 448b | 5b28 41f6 | c308 0f84 | 1b00 0000 | 4c8b 5b08 | 4d8b 5b08 
  0x00000244e6f0cd40: 4d8b 5b18 | 4d8b 5b70 | 4d8b 1b4c | 895d 1048 | 8d55 1048 | 8b43 5849 | baf0 40d3 | 19fa 7f00 
  0x00000244e6f0cd60: 0049 3bc2 | 0f85 ab00 | 0000 e805 | 0000 00e9 | 9900 0000 | 488b d348 | 8d44 2408 | 4c89 6dc0 
  0x00000244e6f0cd80: 498b cfc5 | f877 4989 | afa8 0300 | 0049 8987 | 9803 0000 | 4883 ec20 | 40f6 c40f | 0f84 1900 
  0x00000244e6f0cda0: 0000 4883 | ec08 48b8 | b00a 9d19 | fa7f 0000 | ffd0 4883 | c408 e90c | 0000 0048 | b8b0 0a9d 
  0x00000244e6f0cdc0: 19fa 7f00 | 00ff d048 | 83c4 2049 | c787 9803 | 0000 0000 | 0000 49c7 | 87a8 0300 | 0000 0000 
  0x00000244e6f0cde0: 0049 c787 | a003 0000 | 0000 0000 | c5f8 7749 | 837f 0800 | 0f84 0500 | 0000 e901 | 41ff ff4c 
  0x00000244e6f0ce00: 8b6d c04c | 8b75 c84e | 8d74 f500 | c348 8b5d | e848 8b43 | 5849 8d8f | b803 0000 | c5f8 7749 
  0x00000244e6f0ce20: 89af a803 | 0000 49ba | 1cce f0e6 | 4402 0000 | 4d89 97a0 | 0300 0049 | 89a7 9803 | 0000 41c7 
  0x00000244e6f0ce40: 874c 0400 | 0004 0000 | 00ff d0c5 | f877 4883 | ec10 c5fb | 1104 2448 | 83ec 1048 | 8904 2448 
  0x00000244e6f0ce60: c744 2408 | 0000 0000 | 41c7 874c | 0400 0005 | 0000 00f0 | 8344 24c0 | 0049 3baf | 5004 0000 
  0x00000244e6f0ce80: 0f87 0e00 | 0000 4183 | bf48 0400 | 0000 0f84 | 2000 0000 | 498b cf4c | 8be4 4883 | ec20 4883 
  0x00000244e6f0cea0: e4f0 48b8 | e065 9e19 | fa7f 0000 | ffd0 498b | e44d 33e4 | 41c7 874c | 0400 0008 | 0000 0049 
  0x00000244e6f0cec0: c787 9803 | 0000 0000 | 0000 49c7 | 87a8 0300 | 0000 0000 | 0049 c787 | a003 0000 | 0000 0000 
  0x00000244e6f0cee0: c5f8 774d | 8b9f 2804 | 0000 41c7 | 8300 0100 | 0000 0000 | 0049 bbda | a3f0 e644 | 0200 004c 
  0x00000244e6f0cf00: 3b5d 180f | 8524 0200 | 0048 8b04 | 2448 83c4 | 1048 85c0 | 0f84 fe01 | 0000 a803 | 0f85 0800 
  0x00000244e6f0cf20: 0000 488b | 00e9 ee01 | 0000 a801 | 0f85 0900 | 0000 488b | 40fe e9dd | 0100 0048 | 8b40 ff41 
  0x00000244e6f0cf40: 807f 4000 | 0f84 ce01 | 0000 4883 | f800 0f84 | c401 0000 | 4d8b 5f28 | 4983 fb00 | 0f84 1400 
  0x00000244e6f0cf60: 0000 4983 | eb08 4d89 | 5f28 4d03 | 5f38 4989 | 03e9 a201 | 0000 4881 | ecd0 0000 | 0048 8904 
  0x00000244e6f0cf80: 2448 894c | 2408 4889 | 5424 1048 | 8974 2418 | 4889 7c24 | 204c 8944 | 2428 4c89 | 4c24 304c 
  0x00000244e6f0cfa0: 8954 2438 | 4c89 5c24 | 40c5 fb11 | 4424 50c5 | fb11 4c24 | 58c5 fb11 | 5424 60c5 | fb11 5c24 
  0x00000244e6f0cfc0: 68c5 fb11 | 6424 70c5 | fb11 6c24 | 78c5 fb11 | b424 8000 | 0000 c5fb | 11bc 2488 | 0000 00c5 
  0x00000244e6f0cfe0: 7b11 8424 | 9000 0000 | c57b 118c | 2498 0000 | 00c5 7b11 | 9424 a000 | 0000 c57b | 119c 24a8 
  0x00000244e6f0d000: 0000 00c5 | 7b11 a424 | b000 0000 | c57b 11ac | 24b8 0000 | 00c5 7b11 | b424 c000 | 0000 c57b 
  0x00000244e6f0d020: 11bc 24c8 | 0000 0049 | 8bd7 488b | c848 83ec | 2040 f6c4 | 0f0f 8419 | 0000 0048 | 83ec 0848 
  0x00000244e6f0d040: b800 8f91 | 19fa 7f00 | 00ff d048 | 83c4 08e9 | 0c00 0000 | 48b8 008f | 9119 fa7f | 0000 ffd0 
  0x00000244e6f0d060: 4883 c420 | c57b 10bc | 24c8 0000 | 00c5 7b10 | b424 c000 | 0000 c57b | 10ac 24b8 | 0000 00c5 
  0x00000244e6f0d080: 7b10 a424 | b000 0000 | c57b 109c | 24a8 0000 | 00c5 7b10 | 9424 a000 | 0000 c57b | 108c 2498 
  0x00000244e6f0d0a0: 0000 00c5 | 7b10 8424 | 9000 0000 | c5fb 10bc | 2488 0000 | 00c5 fb10 | b424 8000 | 0000 c5fb 
  0x00000244e6f0d0c0: 106c 2478 | c5fb 1064 | 2470 c5fb | 105c 2468 | c5fb 1054 | 2460 c5fb | 104c 2458 | c5fb 1044 
  0x00000244e6f0d0e0: 2450 4c8b | 5c24 404c | 8b54 2438 | 4c8b 4c24 | 304c 8b44 | 2428 488b | 7c24 2048 | 8b74 2418 
  0x00000244e6f0d100: 488b 5424 | 1048 8b4c | 2408 488b | 0424 4881 | c4d0 0000 | 00c5 f877 | 4889 4510 | 4883 ec10 
  0x00000244e6f0d120: 4889 0424 | 48c7 4424 | 0800 0000 | 0041 83bf | c804 0000 | 020f 85bf | 0000 0048 | 81ec 8000 
  0x00000244e6f0d140: 0000 4889 | 4424 7848 | 894c 2470 | 4889 5424 | 6848 895c | 2460 4889 | 6c24 5048 | 8974 2448 
  0x00000244e6f0d160: 4889 7c24 | 404c 8944 | 2438 4c89 | 4c24 304c | 8954 2428 | 4c89 5c24 | 204c 8964 | 2418 4c89 
  0x00000244e6f0d180: 6c24 104c | 8974 2408 | 4c89 3c24 | 4c8b e448 | 83ec 2048 | 83e4 f048 | b800 24d3 | 19fa 7f00 
  0x00000244e6f0d1a0: 00ff d049 | 8be4 4c8b | 3c24 4c8b | 7424 084c | 8b6c 2410 | 4c8b 6424 | 184c 8b5c | 2420 4c8b 
  0x00000244e6f0d1c0: 5424 284c | 8b4c 2430 | 4c8b 4424 | 3848 8b7c | 2440 488b | 7424 4848 | 8b6c 2450 | 488b 5c24 
  0x00000244e6f0d1e0: 6048 8b54 | 2468 488b | 4c24 7048 | 8b44 2478 | 4881 c480 | 0000 004d | 33e4 488b | 5de8 4c8b 
  0x00000244e6f0d200: 6b08 4d8d | 6d38 4983 | 7f08 000f | 84bb 0000 | 00e8 0500 | 0000 e996 | 0000 0048 | 8d44 2408 
  0x00000244e6f0d220: 4c89 6dc0 | 498b cfc5 | f877 4989 | afa8 0300 | 0049 8987 | 9803 0000 | 4883 ec20 | 40f6 c40f 
  0x00000244e6f0d240: 0f84 1900 | 0000 4883 | ec08 48b8 | 4028 9d19 | fa7f 0000 | ffd0 4883 | c408 e90c | 0000 0048 
  0x00000244e6f0d260: b840 289d | 19fa 7f00 | 00ff d048 | 83c4 2049 | c787 9803 | 0000 0000 | 0000 49c7 | 87a8 0300 
  0x00000244e6f0d280: 0000 0000 | 0049 c787 | a003 0000 | 0000 0000 | c5f8 7749 | 837f 0800 | 0f84 0500 | 0000 e95d 
  0x00000244e6f0d2a0: 3cff ff4c | 8b6d c04c | 8b75 c84e | 8d74 f500 | c348 b900 | 21ff 19fa | 7f00 0048 | 83e4 f048 
  0x00000244e6f0d2c0: b810 d4c1 | 19fa 7f00 | 00ff d0f4 | 448b 5b28 | 41f6 c320 | 0f84 4401 | 0000 488d | 55a8 4c8b 
  0x00000244e6f0d2e0: 5a08 4d85 | db0f 85bb | 0000 00e8 | 0500 0000 | e996 0000 | 0048 8d44 | 2408 4c89 | 6dc0 498b 
  0x00000244e6f0d300: cfc5 f877 | 4989 afa8 | 0300 0049 | 8987 9803 | 0000 4883 | ec20 40f6 | c40f 0f84 | 1900 0000 
  0x00000244e6f0d320: 4883 ec08 | 48b8 7027 | 9d19 fa7f | 0000 ffd0 | 4883 c408 | e90c 0000 | 0048 b870 | 279d 19fa 
  0x00000244e6f0d340: 7f00 00ff | d048 83c4 | 2049 c787 | 9803 0000 | 0000 0000 | 49c7 87a8 | 0300 0000 | 0000 0049 
  0x00000244e6f0d360: c787 a003 | 0000 0000 | 0000 c5f8 | 7749 837f | 0800 0f84 | 0500 0000 | e983 3bff | ff4c 8b6d 
  0x00000244e6f0d380: c04c 8b75 | c84e 8d74 | f500 c348 | b900 21ff | 19fa 7f00 | 0048 83e4 | f048 b810 | d4c1 19fa 
  0x00000244e6f0d3a0: 7f00 00ff | d0f4 4c89 | 6dc0 488d | 024c 8b4a | 0848 c742 | 0800 0000 | 004c 8b00 | 4d85 c00f 
  0x00000244e6f0d3c0: 840b 0000 | 00f0 4d0f | b101 0f85 | 0c00 0000 | 49ff 8f50 | 0500 00e9 | 3e00 0000 | 4c89 4a08 
  0x00000244e6f0d3e0: 488b ca48 | 83ec 2040 | f6c4 0f0f | 8419 0000 | 0048 83ec | 0848 b8c0 | fa9c 19fa | 7f00 00ff 
  0x00000244e6f0d400: d048 83c4 | 08e9 0c00 | 0000 48b8 | c0fa 9c19 | fa7f 0000 | ffd0 4883 | c420 4c8b | 6dc0 49ba 
  0x00000244e6f0d420: 3fda 281a | fa7f 0000 | 4180 3a00 | 0f84 3e00 | 0000 488b | 55e8 498b | cf48 83ec | 2040 f6c4 
  0x00000244e6f0d440: 0f0f 8419 | 0000 0048 | 83ec 0848 | b860 ecd2 | 19fa 7f00 | 00ff d048 | 83c4 08e9 | 0c00 0000 
  0x00000244e6f0d460: 48b8 60ec | d219 fa7f | 0000 ffd0 | 4883 c420 | 488b 0424 | 4883 c410 | c5fb 1004 | 2448 83c4 
  0x00000244e6f0d480: 104c 8b5d | 1841 ffd3 | 4c8b 5df8 | c95f 498b | e3ff e7ba | 0000 0000 | e805 0000 | 00e9 9600 
  0x00000244e6f0d4a0: 0000 488d | 4424 084c | 896d c049 | 8bcf c5f8 | 7749 89af | a803 0000 | 4989 8798 | 0300 0048 
  0x00000244e6f0d4c0: 83ec 2040 | f6c4 0f0f | 8419 0000 | 0048 83ec | 0848 b890 | ee9c 19fa | 7f00 00ff | d048 83c4 
  0x00000244e6f0d4e0: 08e9 0c00 | 0000 48b8 | 90ee 9c19 | fa7f 0000 | ffd0 4883 | c420 49c7 | 8798 0300 | 0000 0000 
  0x00000244e6f0d500: 0049 c787 | a803 0000 | 0000 0000 | 49c7 87a0 | 0300 0000 | 0000 00c5 | f877 4983 | 7f08 000f 
  0x00000244e6f0d520: 8405 0000 | 00e9 d639 | ffff 4c8b | 6dc0 4c8b | 75c8 4e8d | 74f5 00c3 | 488b 5de8 | e95b f6ff 
  0x00000244e6f0d540: ff0f 1f80 | 0000 0000 
[/MachCode]

---------------  P R O C E S S  ---------------

Threads class SMR info:
_java_thread_list=0x00000244fc9c9210, length=55, elements={
0x00000244d50df660, 0x00000244f745c980, 0x00000244f745d4e0, 0x00000244f7462610,
0x00000244f7465640, 0x00000244f74670b0, 0x00000244f7469c50, 0x00000244f76a10f0,
0x00000244f76c9bb0, 0x00000244f78161b0, 0x00000244f7425070, 0x00000244f7815b20,
0x00000244f7814e00, 0x00000244f7816ed0, 0x00000244f79954f0, 0x00000244fc6b9e10,
0x00000244f7817560, 0x00000244f7817bf0, 0x00000244f7815490, 0x00000244f7818280,
0x00000244fca2c700, 0x00000244fca2a630, 0x00000244fca2d420, 0x00000244fca2e140,
0x00000244fca2ee60, 0x00000244fca2e7d0, 0x00000244fca2b9e0, 0x00000244fca2cd90,
0x00000244fca28560, 0x00000244fca2b350, 0x00000244fca2acc0, 0x00000244fca28bf0,
0x00000244fca2dab0, 0x00000244fca2c070, 0x00000244fca2f4f0, 0x00000244fca2fb80,
0x00000244fca29280, 0x00000244fca29910, 0x00000244fca29fa0, 0x00000244fca17630,
0x00000244fca18350, 0x00000244fca15bf0, 0x00000244fca1b140, 0x00000244fca189e0,
0x00000244fca17cc0, 0x00000244fca1aab0, 0x00000244fca16910, 0x00000244fca1c4f0,
0x00000244fca1cb80, 0x00000244fca19070, 0x00000244fca16280, 0x00000244fca16fa0,
0x00000244fca1d210, 0x00000244fca19700, 0x00000244fca19d90
}

Java Threads: ( => current thread )
  0x00000244d50df660 JavaThread "main"                              [_thread_in_vm, id=29568, stack(0x0000009f99a00000,0x0000009f99b00000) (1024K)]
  0x00000244f745c980 JavaThread "Reference Handler"          daemon [_thread_blocked, id=34336, stack(0x0000009f9a200000,0x0000009f9a300000) (1024K)]
  0x00000244f745d4e0 JavaThread "Finalizer"                  daemon [_thread_blocked, id=31592, stack(0x0000009f9a300000,0x0000009f9a400000) (1024K)]
  0x00000244f7462610 JavaThread "Signal Dispatcher"          daemon [_thread_blocked, id=34328, stack(0x0000009f9a400000,0x0000009f9a500000) (1024K)]
  0x00000244f7465640 JavaThread "Attach Listener"            daemon [_thread_blocked, id=9820, stack(0x0000009f9a500000,0x0000009f9a600000) (1024K)]
  0x00000244f74670b0 JavaThread "Service Thread"             daemon [_thread_blocked, id=7412, stack(0x0000009f9a600000,0x0000009f9a700000) (1024K)]
  0x00000244f7469c50 JavaThread "Monitor Deflation Thread"   daemon [_thread_blocked, id=11796, stack(0x0000009f9a700000,0x0000009f9a800000) (1024K)]
  0x00000244f76a10f0 JavaThread "C2 CompilerThread0"         daemon [_thread_blocked, id=34196, stack(0x0000009f9a800000,0x0000009f9a900000) (1024K)]
  0x00000244f76c9bb0 JavaThread "C1 CompilerThread0"         daemon [_thread_blocked, id=32800, stack(0x0000009f9a900000,0x0000009f9aa00000) (1024K)]
  0x00000244f78161b0 JavaThread "Common-Cleaner"             daemon [_thread_blocked, id=16696, stack(0x0000009f9aa00000,0x0000009f9ab00000) (1024K)]
  0x00000244f7425070 JavaThread "C1 CompilerThread1"         daemon [_thread_blocked, id=35824, stack(0x0000009f9ab00000,0x0000009f9ac00000) (1024K)]
  0x00000244f7815b20 JavaThread "Monitor Ctrl-Break"         daemon [_thread_in_native, id=29800, stack(0x0000009f9ad00000,0x0000009f9ae00000) (1024K)]
  0x00000244f7814e00 JavaThread "Notification Thread"        daemon [_thread_blocked, id=33964, stack(0x0000009f9ae00000,0x0000009f9af00000) (1024K)]
=>0x00000244f7816ed0 JavaThread "nioEventLoopGroup-2-1"             [_thread_in_vm, id=33592, stack(0x0000009f9b000000,0x0000009f9b100000) (1024K)]
  0x00000244f79954f0 JavaThread "C1 CompilerThread2"         daemon [_thread_blocked, id=9536, stack(0x0000009f9ac00000,0x0000009f9ad00000) (1024K)]
  0x00000244fc6b9e10 JavaThread "C1 CompilerThread3"         daemon [_thread_blocked, id=35612, stack(0x0000009f9af00000,0x0000009f9b000000) (1024K)]
  0x00000244f7817560 JavaThread "nioEventLoopGroup-2-2"             [_thread_blocked, id=1588, stack(0x0000009f9b100000,0x0000009f9b200000) (1024K)]
  0x00000244f7817bf0 JavaThread "nioEventLoopGroup-2-3"             [_thread_blocked, id=32412, stack(0x0000009f9b200000,0x0000009f9b300000) (1024K)]
  0x00000244f7815490 JavaThread "nioEventLoopGroup-2-4"             [_thread_blocked, id=34824, stack(0x0000009f9be00000,0x0000009f9bf00000) (1024K)]
  0x00000244f7818280 JavaThread "nioEventLoopGroup-2-5"             [_thread_blocked, id=3128, stack(0x0000009f9bf00000,0x0000009f9c000000) (1024K)]
  0x00000244fca2c700 JavaThread "nioEventLoopGroup-2-6"             [_thread_blocked, id=33880, stack(0x0000009f9c000000,0x0000009f9c100000) (1024K)]
  0x00000244fca2a630 JavaThread "nioEventLoopGroup-2-7"             [_thread_blocked, id=34580, stack(0x0000009f9c100000,0x0000009f9c200000) (1024K)]
  0x00000244fca2d420 JavaThread "nioEventLoopGroup-2-8"             [_thread_blocked, id=28072, stack(0x0000009f9c200000,0x0000009f9c300000) (1024K)]
  0x00000244fca2e140 JavaThread "nioEventLoopGroup-2-9"             [_thread_blocked, id=16376, stack(0x0000009f9c300000,0x0000009f9c400000) (1024K)]
  0x00000244fca2ee60 JavaThread "nioEventLoopGroup-2-10"            [_thread_blocked, id=30920, stack(0x0000009f9c400000,0x0000009f9c500000) (1024K)]
  0x00000244fca2e7d0 JavaThread "nioEventLoopGroup-2-11"            [_thread_blocked, id=31348, stack(0x0000009f9c500000,0x0000009f9c600000) (1024K)]
  0x00000244fca2b9e0 JavaThread "nioEventLoopGroup-2-12"            [_thread_blocked, id=34836, stack(0x0000009f9c600000,0x0000009f9c700000) (1024K)]
  0x00000244fca2cd90 JavaThread "nioEventLoopGroup-2-13"            [_thread_blocked, id=31360, stack(0x0000009f9c700000,0x0000009f9c800000) (1024K)]
  0x00000244fca28560 JavaThread "nioEventLoopGroup-2-14"            [_thread_blocked, id=16976, stack(0x0000009f9c800000,0x0000009f9c900000) (1024K)]
  0x00000244fca2b350 JavaThread "nioEventLoopGroup-2-15"            [_thread_blocked, id=31292, stack(0x0000009f9c900000,0x0000009f9ca00000) (1024K)]
  0x00000244fca2acc0 JavaThread "nioEventLoopGroup-2-16"            [_thread_blocked, id=436, stack(0x0000009f9ca00000,0x0000009f9cb00000) (1024K)]
  0x00000244fca28bf0 JavaThread "nioEventLoopGroup-2-17"            [_thread_blocked, id=32636, stack(0x0000009f9cb00000,0x0000009f9cc00000) (1024K)]
  0x00000244fca2dab0 JavaThread "nioEventLoopGroup-2-18"            [_thread_blocked, id=34120, stack(0x0000009f9cc00000,0x0000009f9cd00000) (1024K)]
  0x00000244fca2c070 JavaThread "nioEventLoopGroup-2-19"            [_thread_blocked, id=32876, stack(0x0000009f9cd00000,0x0000009f9ce00000) (1024K)]
  0x00000244fca2f4f0 JavaThread "nioEventLoopGroup-2-20"            [_thread_blocked, id=30884, stack(0x0000009f9ce00000,0x0000009f9cf00000) (1024K)]
  0x00000244fca2fb80 JavaThread "nioEventLoopGroup-2-21"            [_thread_blocked, id=35336, stack(0x0000009f9cf00000,0x0000009f9d000000) (1024K)]
  0x00000244fca29280 JavaThread "nioEventLoopGroup-2-22"            [_thread_blocked, id=20552, stack(0x0000009f9d000000,0x0000009f9d100000) (1024K)]
  0x00000244fca29910 JavaThread "nioEventLoopGroup-2-23"            [_thread_blocked, id=6520, stack(0x0000009f9d100000,0x0000009f9d200000) (1024K)]
  0x00000244fca29fa0 JavaThread "nioEventLoopGroup-2-24"            [_thread_blocked, id=30860, stack(0x0000009f9d200000,0x0000009f9d300000) (1024K)]
  0x00000244fca17630 JavaThread "nioEventLoopGroup-2-25"            [_thread_blocked, id=33104, stack(0x0000009f9d300000,0x0000009f9d400000) (1024K)]
  0x00000244fca18350 JavaThread "nioEventLoopGroup-2-26"            [_thread_blocked, id=32304, stack(0x0000009f9d400000,0x0000009f9d500000) (1024K)]
  0x00000244fca15bf0 JavaThread "nioEventLoopGroup-2-27"            [_thread_blocked, id=34496, stack(0x0000009f9d500000,0x0000009f9d600000) (1024K)]
  0x00000244fca1b140 JavaThread "nioEventLoopGroup-2-28"            [_thread_blocked, id=5268, stack(0x0000009f9d600000,0x0000009f9d700000) (1024K)]
  0x00000244fca189e0 JavaThread "nioEventLoopGroup-2-29"            [_thread_blocked, id=31308, stack(0x0000009f9d700000,0x0000009f9d800000) (1024K)]
  0x00000244fca17cc0 JavaThread "nioEventLoopGroup-2-30"            [_thread_blocked, id=35080, stack(0x0000009f9d800000,0x0000009f9d900000) (1024K)]
  0x00000244fca1aab0 JavaThread "nioEventLoopGroup-2-31"            [_thread_blocked, id=32152, stack(0x0000009f9d900000,0x0000009f9da00000) (1024K)]
  0x00000244fca16910 JavaThread "nioEventLoopGroup-2-32"            [_thread_blocked, id=33120, stack(0x0000009f9da00000,0x0000009f9db00000) (1024K)]
  0x00000244fca1c4f0 JavaThread "nioEventLoopGroup-2-33"            [_thread_blocked, id=31460, stack(0x0000009f9db00000,0x0000009f9dc00000) (1024K)]
  0x00000244fca1cb80 JavaThread "nioEventLoopGroup-2-34"            [_thread_blocked, id=34352, stack(0x0000009f9dc00000,0x0000009f9dd00000) (1024K)]
  0x00000244fca19070 JavaThread "nioEventLoopGroup-2-35"            [_thread_blocked, id=35004, stack(0x0000009f9dd00000,0x0000009f9de00000) (1024K)]
  0x00000244fca16280 JavaThread "nioEventLoopGroup-2-36"            [_thread_blocked, id=35316, stack(0x0000009f9de00000,0x0000009f9df00000) (1024K)]
  0x00000244fca16fa0 JavaThread "nioEventLoopGroup-2-37"            [_thread_blocked, id=34968, stack(0x0000009f9df00000,0x0000009f9e000000) (1024K)]
  0x00000244fca1d210 JavaThread "nioEventLoopGroup-2-38"            [_thread_blocked, id=33904, stack(0x0000009f9e000000,0x0000009f9e100000) (1024K)]
  0x00000244fca19700 JavaThread "nioEventLoopGroup-2-39"            [_thread_blocked, id=30156, stack(0x0000009f9e100000,0x0000009f9e200000) (1024K)]
  0x00000244fca19d90 JavaThread "nioEventLoopGroup-2-40"            [_thread_blocked, id=22132, stack(0x0000009f9e200000,0x0000009f9e300000) (1024K)]
Total: 55

Other Threads:
  0x00000244f743fc90 VMThread "VM Thread"                           [id=34176, stack(0x0000009f9a100000,0x0000009f9a200000) (1024K)]
  0x00000244f7424180 WatcherThread "VM Periodic Task Thread"        [id=31288, stack(0x0000009f9a000000,0x0000009f9a100000) (1024K)]
  0x00000244d743fce0 WorkerThread "GC Thread#0"                     [id=31748, stack(0x0000009f99b00000,0x0000009f99c00000) (1024K)]
  0x00000244fc9909e0 WorkerThread "GC Thread#1"                     [id=31044, stack(0x0000009f9b300000,0x0000009f9b400000) (1024K)]
  0x00000244fc990d80 WorkerThread "GC Thread#2"                     [id=33532, stack(0x0000009f9b400000,0x0000009f9b500000) (1024K)]
  0x00000244fc991120 WorkerThread "GC Thread#3"                     [id=30304, stack(0x0000009f9b500000,0x0000009f9b600000) (1024K)]
  0x00000244fc9914c0 WorkerThread "GC Thread#4"                     [id=31620, stack(0x0000009f9b600000,0x0000009f9b700000) (1024K)]
  0x00000244fc991860 WorkerThread "GC Thread#5"                     [id=30972, stack(0x0000009f9b700000,0x0000009f9b800000) (1024K)]
  0x00000244fc9bf900 WorkerThread "GC Thread#6"                     [id=34632, stack(0x0000009f9b800000,0x0000009f9b900000) (1024K)]
  0x00000244fc9bfeb0 WorkerThread "GC Thread#7"                     [id=33164, stack(0x0000009f9b900000,0x0000009f9ba00000) (1024K)]
  0x00000244fc9c2260 WorkerThread "GC Thread#8"                     [id=26264, stack(0x0000009f9ba00000,0x0000009f9bb00000) (1024K)]
  0x00000244fc9c2600 WorkerThread "GC Thread#9"                     [id=28784, stack(0x0000009f9bb00000,0x0000009f9bc00000) (1024K)]
  0x00000244fc9ab7a0 WorkerThread "GC Thread#10"                    [id=31796, stack(0x0000009f9bc00000,0x0000009f9bd00000) (1024K)]
  0x00000244d7450880 ConcurrentGCThread "G1 Main Marker"            [id=35304, stack(0x0000009f99c00000,0x0000009f99d00000) (1024K)]
  0x00000244d7451380 WorkerThread "G1 Conc#0"                       [id=34744, stack(0x0000009f99d00000,0x0000009f99e00000) (1024K)]
  0x00000244f72f0fc0 ConcurrentGCThread "G1 Refine#0"               [id=32968, stack(0x0000009f99e00000,0x0000009f99f00000) (1024K)]
  0x00000244f72f1b30 ConcurrentGCThread "G1 Service"                [id=26396, stack(0x0000009f99f00000,0x0000009f9a000000) (1024K)]
Total: 17

Threads with active compile tasks:
Total: 0

VM state: not at safepoint (normal execution)

VM Mutex/Monitor currently owned by a thread: None

Heap address: 0x0000000705e00000, size: 4002 MB, Compressed Oops mode: Zero based, Oop shift amount: 3

CDS archive(s) mapped at: [0x0000024480000000-0x0000024480c90000-0x0000024480c90000), size 13172736, SharedBaseAddress: 0x0000024480000000, ArchiveRelocationMode: 1.
Compressed class space mapped at: 0x0000024481000000-0x00000244c1000000, reserved size: 1073741824
Narrow klass base: 0x0000024480000000, Narrow klass shift: 0, Narrow klass range: 0x100000000

GC Precious Log:
 CardTable entry size: 512
 Card Set container configuration: InlinePtr #cards 4 size 8 Array Of Cards #cards 16 size 48 Howl #buckets 8 coarsen threshold 3686 Howl Bitmap #cards 512 size 80 coarsen threshold 460 Card regions per heap region 1 cards per card region 4096
 CPUs: 20 total, 20 available
 Memory: 16003M
 Large Page Support: Disabled
 NUMA Support: Disabled
 Compressed Oops: Enabled (Zero based)
 Heap Region Size: 2M
 Heap Min Capacity: 8M
 Heap Initial Capacity: 252M
 Heap Max Capacity: 4002M
 Pre-touch: Disabled
 Parallel Workers: 15
 Concurrent Workers: 4
 Concurrent Refinement Workers: 15
 Periodic GC: Disabled

Heap:
 garbage-first heap   total 258048K, used 11660K [0x0000000705e00000, 0x0000000800000000)
  region size 2048K, 6 young (12288K), 2 survivors (4096K)
 Metaspace       used 9151K, committed 9408K, reserved 1114112K
  class space    used 1018K, committed 1152K, reserved 1048576K

Heap Regions: E=young(eden), S=young(survivor), O=old, HS=humongous(starts), HC=humongous(continues), CS=collection set, F=free, TAMS=top-at-mark-start, PB=parsable bottom
|   0|0x0000000705e00000, 0x0000000705f63310, 0x0000000706000000| 69%| O|  |TAMS 0x0000000705e00000| PB 0x0000000705e00000| Untracked 
|   1|0x0000000706000000, 0x0000000706000000, 0x0000000706200000|  0%| F|  |TAMS 0x0000000706000000| PB 0x0000000706000000| Untracked 
|   2|0x0000000706200000, 0x0000000706200000, 0x0000000706400000|  0%| F|  |TAMS 0x0000000706200000| PB 0x0000000706200000| Untracked 
|   3|0x0000000706400000, 0x0000000706400000, 0x0000000706600000|  0%| F|  |TAMS 0x0000000706400000| PB 0x0000000706400000| Untracked 
|   4|0x0000000706600000, 0x0000000706600000, 0x0000000706800000|  0%| F|  |TAMS 0x0000000706600000| PB 0x0000000706600000| Untracked 
|   5|0x0000000706800000, 0x0000000706800000, 0x0000000706a00000|  0%| F|  |TAMS 0x0000000706800000| PB 0x0000000706800000| Untracked 
|   6|0x0000000706a00000, 0x0000000706a00000, 0x0000000706c00000|  0%| F|  |TAMS 0x0000000706a00000| PB 0x0000000706a00000| Untracked 
|   7|0x0000000706c00000, 0x0000000706c00000, 0x0000000706e00000|  0%| F|  |TAMS 0x0000000706c00000| PB 0x0000000706c00000| Untracked 
|   8|0x0000000706e00000, 0x0000000706e00000, 0x0000000707000000|  0%| F|  |TAMS 0x0000000706e00000| PB 0x0000000706e00000| Untracked 
|   9|0x0000000707000000, 0x0000000707000000, 0x0000000707200000|  0%| F|  |TAMS 0x0000000707000000| PB 0x0000000707000000| Untracked 
|  10|0x0000000707200000, 0x0000000707200000, 0x0000000707400000|  0%| F|  |TAMS 0x0000000707200000| PB 0x0000000707200000| Untracked 
|  11|0x0000000707400000, 0x0000000707400000, 0x0000000707600000|  0%| F|  |TAMS 0x0000000707400000| PB 0x0000000707400000| Untracked 
|  12|0x0000000707600000, 0x0000000707600000, 0x0000000707800000|  0%| F|  |TAMS 0x0000000707600000| PB 0x0000000707600000| Untracked 
|  13|0x0000000707800000, 0x0000000707800000, 0x0000000707a00000|  0%| F|  |TAMS 0x0000000707800000| PB 0x0000000707800000| Untracked 
|  14|0x0000000707a00000, 0x0000000707a00000, 0x0000000707c00000|  0%| F|  |TAMS 0x0000000707a00000| PB 0x0000000707a00000| Untracked 
|  15|0x0000000707c00000, 0x0000000707c00000, 0x0000000707e00000|  0%| F|  |TAMS 0x0000000707c00000| PB 0x0000000707c00000| Untracked 
|  16|0x0000000707e00000, 0x0000000707e00000, 0x0000000708000000|  0%| F|  |TAMS 0x0000000707e00000| PB 0x0000000707e00000| Untracked 
|  17|0x0000000708000000, 0x0000000708000000, 0x0000000708200000|  0%| F|  |TAMS 0x0000000708000000| PB 0x0000000708000000| Untracked 
|  18|0x0000000708200000, 0x0000000708200000, 0x0000000708400000|  0%| F|  |TAMS 0x0000000708200000| PB 0x0000000708200000| Untracked 
|  19|0x0000000708400000, 0x0000000708400000, 0x0000000708600000|  0%| F|  |TAMS 0x0000000708400000| PB 0x0000000708400000| Untracked 
|  20|0x0000000708600000, 0x0000000708600000, 0x0000000708800000|  0%| F|  |TAMS 0x0000000708600000| PB 0x0000000708600000| Untracked 
|  21|0x0000000708800000, 0x0000000708800000, 0x0000000708a00000|  0%| F|  |TAMS 0x0000000708800000| PB 0x0000000708800000| Untracked 
|  22|0x0000000708a00000, 0x0000000708a00000, 0x0000000708c00000|  0%| F|  |TAMS 0x0000000708a00000| PB 0x0000000708a00000| Untracked 
|  23|0x0000000708c00000, 0x0000000708c00000, 0x0000000708e00000|  0%| F|  |TAMS 0x0000000708c00000| PB 0x0000000708c00000| Untracked 
|  24|0x0000000708e00000, 0x0000000708e00000, 0x0000000709000000|  0%| F|  |TAMS 0x0000000708e00000| PB 0x0000000708e00000| Untracked 
|  25|0x0000000709000000, 0x0000000709000000, 0x0000000709200000|  0%| F|  |TAMS 0x0000000709000000| PB 0x0000000709000000| Untracked 
|  26|0x0000000709200000, 0x0000000709200000, 0x0000000709400000|  0%| F|  |TAMS 0x0000000709200000| PB 0x0000000709200000| Untracked 
|  27|0x0000000709400000, 0x0000000709400000, 0x0000000709600000|  0%| F|  |TAMS 0x0000000709400000| PB 0x0000000709400000| Untracked 
|  28|0x0000000709600000, 0x0000000709600000, 0x0000000709800000|  0%| F|  |TAMS 0x0000000709600000| PB 0x0000000709600000| Untracked 
|  29|0x0000000709800000, 0x0000000709800000, 0x0000000709a00000|  0%| F|  |TAMS 0x0000000709800000| PB 0x0000000709800000| Untracked 
|  30|0x0000000709a00000, 0x0000000709a00000, 0x0000000709c00000|  0%| F|  |TAMS 0x0000000709a00000| PB 0x0000000709a00000| Untracked 
|  31|0x0000000709c00000, 0x0000000709c00000, 0x0000000709e00000|  0%| F|  |TAMS 0x0000000709c00000| PB 0x0000000709c00000| Untracked 
|  32|0x0000000709e00000, 0x0000000709e00000, 0x000000070a000000|  0%| F|  |TAMS 0x0000000709e00000| PB 0x0000000709e00000| Untracked 
|  33|0x000000070a000000, 0x000000070a000000, 0x000000070a200000|  0%| F|  |TAMS 0x000000070a000000| PB 0x000000070a000000| Untracked 
|  34|0x000000070a200000, 0x000000070a200000, 0x000000070a400000|  0%| F|  |TAMS 0x000000070a200000| PB 0x000000070a200000| Untracked 
|  35|0x000000070a400000, 0x000000070a400000, 0x000000070a600000|  0%| F|  |TAMS 0x000000070a400000| PB 0x000000070a400000| Untracked 
|  36|0x000000070a600000, 0x000000070a600000, 0x000000070a800000|  0%| F|  |TAMS 0x000000070a600000| PB 0x000000070a600000| Untracked 
|  37|0x000000070a800000, 0x000000070a800000, 0x000000070aa00000|  0%| F|  |TAMS 0x000000070a800000| PB 0x000000070a800000| Untracked 
|  38|0x000000070aa00000, 0x000000070aa00000, 0x000000070ac00000|  0%| F|  |TAMS 0x000000070aa00000| PB 0x000000070aa00000| Untracked 
|  39|0x000000070ac00000, 0x000000070ac00000, 0x000000070ae00000|  0%| F|  |TAMS 0x000000070ac00000| PB 0x000000070ac00000| Untracked 
|  40|0x000000070ae00000, 0x000000070ae00000, 0x000000070b000000|  0%| F|  |TAMS 0x000000070ae00000| PB 0x000000070ae00000| Untracked 
|  41|0x000000070b000000, 0x000000070b000000, 0x000000070b200000|  0%| F|  |TAMS 0x000000070b000000| PB 0x000000070b000000| Untracked 
|  42|0x000000070b200000, 0x000000070b200000, 0x000000070b400000|  0%| F|  |TAMS 0x000000070b200000| PB 0x000000070b200000| Untracked 
|  43|0x000000070b400000, 0x000000070b400000, 0x000000070b600000|  0%| F|  |TAMS 0x000000070b400000| PB 0x000000070b400000| Untracked 
|  44|0x000000070b600000, 0x000000070b600000, 0x000000070b800000|  0%| F|  |TAMS 0x000000070b600000| PB 0x000000070b600000| Untracked 
|  45|0x000000070b800000, 0x000000070b800000, 0x000000070ba00000|  0%| F|  |TAMS 0x000000070b800000| PB 0x000000070b800000| Untracked 
|  46|0x000000070ba00000, 0x000000070ba00000, 0x000000070bc00000|  0%| F|  |TAMS 0x000000070ba00000| PB 0x000000070ba00000| Untracked 
|  47|0x000000070bc00000, 0x000000070bc00000, 0x000000070be00000|  0%| F|  |TAMS 0x000000070bc00000| PB 0x000000070bc00000| Untracked 
|  48|0x000000070be00000, 0x000000070be00000, 0x000000070c000000|  0%| F|  |TAMS 0x000000070be00000| PB 0x000000070be00000| Untracked 
|  49|0x000000070c000000, 0x000000070c000000, 0x000000070c200000|  0%| F|  |TAMS 0x000000070c000000| PB 0x000000070c000000| Untracked 
|  50|0x000000070c200000, 0x000000070c200000, 0x000000070c400000|  0%| F|  |TAMS 0x000000070c200000| PB 0x000000070c200000| Untracked 
|  51|0x000000070c400000, 0x000000070c400000, 0x000000070c600000|  0%| F|  |TAMS 0x000000070c400000| PB 0x000000070c400000| Untracked 
|  52|0x000000070c600000, 0x000000070c600000, 0x000000070c800000|  0%| F|  |TAMS 0x000000070c600000| PB 0x000000070c600000| Untracked 
|  53|0x000000070c800000, 0x000000070c800000, 0x000000070ca00000|  0%| F|  |TAMS 0x000000070c800000| PB 0x000000070c800000| Untracked 
|  54|0x000000070ca00000, 0x000000070ca00000, 0x000000070cc00000|  0%| F|  |TAMS 0x000000070ca00000| PB 0x000000070ca00000| Untracked 
|  55|0x000000070cc00000, 0x000000070cc00000, 0x000000070ce00000|  0%| F|  |TAMS 0x000000070cc00000| PB 0x000000070cc00000| Untracked 
|  56|0x000000070ce00000, 0x000000070ce00000, 0x000000070d000000|  0%| F|  |TAMS 0x000000070ce00000| PB 0x000000070ce00000| Untracked 
|  57|0x000000070d000000, 0x000000070d000000, 0x000000070d200000|  0%| F|  |TAMS 0x000000070d000000| PB 0x000000070d000000| Untracked 
|  58|0x000000070d200000, 0x000000070d200000, 0x000000070d400000|  0%| F|  |TAMS 0x000000070d200000| PB 0x000000070d200000| Untracked 
|  59|0x000000070d400000, 0x000000070d400000, 0x000000070d600000|  0%| F|  |TAMS 0x000000070d400000| PB 0x000000070d400000| Untracked 
|  60|0x000000070d600000, 0x000000070d600000, 0x000000070d800000|  0%| F|  |TAMS 0x000000070d600000| PB 0x000000070d600000| Untracked 
|  61|0x000000070d800000, 0x000000070d800000, 0x000000070da00000|  0%| F|  |TAMS 0x000000070d800000| PB 0x000000070d800000| Untracked 
|  62|0x000000070da00000, 0x000000070da00000, 0x000000070dc00000|  0%| F|  |TAMS 0x000000070da00000| PB 0x000000070da00000| Untracked 
|  63|0x000000070dc00000, 0x000000070dc00000, 0x000000070de00000|  0%| F|  |TAMS 0x000000070dc00000| PB 0x000000070dc00000| Untracked 
|  64|0x000000070de00000, 0x000000070de00000, 0x000000070e000000|  0%| F|  |TAMS 0x000000070de00000| PB 0x000000070de00000| Untracked 
|  65|0x000000070e000000, 0x000000070e000000, 0x000000070e200000|  0%| F|  |TAMS 0x000000070e000000| PB 0x000000070e000000| Untracked 
|  66|0x000000070e200000, 0x000000070e200000, 0x000000070e400000|  0%| F|  |TAMS 0x000000070e200000| PB 0x000000070e200000| Untracked 
|  67|0x000000070e400000, 0x000000070e400000, 0x000000070e600000|  0%| F|  |TAMS 0x000000070e400000| PB 0x000000070e400000| Untracked 
|  68|0x000000070e600000, 0x000000070e600000, 0x000000070e800000|  0%| F|  |TAMS 0x000000070e600000| PB 0x000000070e600000| Untracked 
|  69|0x000000070e800000, 0x000000070e800000, 0x000000070ea00000|  0%| F|  |TAMS 0x000000070e800000| PB 0x000000070e800000| Untracked 
|  70|0x000000070ea00000, 0x000000070ea00000, 0x000000070ec00000|  0%| F|  |TAMS 0x000000070ea00000| PB 0x000000070ea00000| Untracked 
|  71|0x000000070ec00000, 0x000000070ec00000, 0x000000070ee00000|  0%| F|  |TAMS 0x000000070ec00000| PB 0x000000070ec00000| Untracked 
|  72|0x000000070ee00000, 0x000000070ee00000, 0x000000070f000000|  0%| F|  |TAMS 0x000000070ee00000| PB 0x000000070ee00000| Untracked 
|  73|0x000000070f000000, 0x000000070f000000, 0x000000070f200000|  0%| F|  |TAMS 0x000000070f000000| PB 0x000000070f000000| Untracked 
|  74|0x000000070f200000, 0x000000070f200000, 0x000000070f400000|  0%| F|  |TAMS 0x000000070f200000| PB 0x000000070f200000| Untracked 
|  75|0x000000070f400000, 0x000000070f400000, 0x000000070f600000|  0%| F|  |TAMS 0x000000070f400000| PB 0x000000070f400000| Untracked 
|  76|0x000000070f600000, 0x000000070f600000, 0x000000070f800000|  0%| F|  |TAMS 0x000000070f600000| PB 0x000000070f600000| Untracked 
|  77|0x000000070f800000, 0x000000070f800000, 0x000000070fa00000|  0%| F|  |TAMS 0x000000070f800000| PB 0x000000070f800000| Untracked 
|  78|0x000000070fa00000, 0x000000070fa00000, 0x000000070fc00000|  0%| F|  |TAMS 0x000000070fa00000| PB 0x000000070fa00000| Untracked 
|  79|0x000000070fc00000, 0x000000070fc00000, 0x000000070fe00000|  0%| F|  |TAMS 0x000000070fc00000| PB 0x000000070fc00000| Untracked 
|  80|0x000000070fe00000, 0x000000070fe00000, 0x0000000710000000|  0%| F|  |TAMS 0x000000070fe00000| PB 0x000000070fe00000| Untracked 
|  81|0x0000000710000000, 0x0000000710000000, 0x0000000710200000|  0%| F|  |TAMS 0x0000000710000000| PB 0x0000000710000000| Untracked 
|  82|0x0000000710200000, 0x0000000710200000, 0x0000000710400000|  0%| F|  |TAMS 0x0000000710200000| PB 0x0000000710200000| Untracked 
|  83|0x0000000710400000, 0x0000000710400000, 0x0000000710600000|  0%| F|  |TAMS 0x0000000710400000| PB 0x0000000710400000| Untracked 
|  84|0x0000000710600000, 0x0000000710600000, 0x0000000710800000|  0%| F|  |TAMS 0x0000000710600000| PB 0x0000000710600000| Untracked 
|  85|0x0000000710800000, 0x0000000710800000, 0x0000000710a00000|  0%| F|  |TAMS 0x0000000710800000| PB 0x0000000710800000| Untracked 
|  86|0x0000000710a00000, 0x0000000710a00000, 0x0000000710c00000|  0%| F|  |TAMS 0x0000000710a00000| PB 0x0000000710a00000| Untracked 
|  87|0x0000000710c00000, 0x0000000710c00000, 0x0000000710e00000|  0%| F|  |TAMS 0x0000000710c00000| PB 0x0000000710c00000| Untracked 
|  88|0x0000000710e00000, 0x0000000710e00000, 0x0000000711000000|  0%| F|  |TAMS 0x0000000710e00000| PB 0x0000000710e00000| Untracked 
|  89|0x0000000711000000, 0x0000000711000000, 0x0000000711200000|  0%| F|  |TAMS 0x0000000711000000| PB 0x0000000711000000| Untracked 
|  90|0x0000000711200000, 0x0000000711200000, 0x0000000711400000|  0%| F|  |TAMS 0x0000000711200000| PB 0x0000000711200000| Untracked 
|  91|0x0000000711400000, 0x0000000711400000, 0x0000000711600000|  0%| F|  |TAMS 0x0000000711400000| PB 0x0000000711400000| Untracked 
|  92|0x0000000711600000, 0x0000000711600000, 0x0000000711800000|  0%| F|  |TAMS 0x0000000711600000| PB 0x0000000711600000| Untracked 
|  93|0x0000000711800000, 0x0000000711800000, 0x0000000711a00000|  0%| F|  |TAMS 0x0000000711800000| PB 0x0000000711800000| Untracked 
|  94|0x0000000711a00000, 0x0000000711a00000, 0x0000000711c00000|  0%| F|  |TAMS 0x0000000711a00000| PB 0x0000000711a00000| Untracked 
|  95|0x0000000711c00000, 0x0000000711c00000, 0x0000000711e00000|  0%| F|  |TAMS 0x0000000711c00000| PB 0x0000000711c00000| Untracked 
|  96|0x0000000711e00000, 0x0000000711e00000, 0x0000000712000000|  0%| F|  |TAMS 0x0000000711e00000| PB 0x0000000711e00000| Untracked 
|  97|0x0000000712000000, 0x0000000712000000, 0x0000000712200000|  0%| F|  |TAMS 0x0000000712000000| PB 0x0000000712000000| Untracked 
|  98|0x0000000712200000, 0x0000000712200000, 0x0000000712400000|  0%| F|  |TAMS 0x0000000712200000| PB 0x0000000712200000| Untracked 
|  99|0x0000000712400000, 0x0000000712400000, 0x0000000712600000|  0%| F|  |TAMS 0x0000000712400000| PB 0x0000000712400000| Untracked 
| 100|0x0000000712600000, 0x0000000712600000, 0x0000000712800000|  0%| F|  |TAMS 0x0000000712600000| PB 0x0000000712600000| Untracked 
| 101|0x0000000712800000, 0x0000000712800000, 0x0000000712a00000|  0%| F|  |TAMS 0x0000000712800000| PB 0x0000000712800000| Untracked 
| 102|0x0000000712a00000, 0x0000000712a00000, 0x0000000712c00000|  0%| F|  |TAMS 0x0000000712a00000| PB 0x0000000712a00000| Untracked 
| 103|0x0000000712c00000, 0x0000000712c00000, 0x0000000712e00000|  0%| F|  |TAMS 0x0000000712c00000| PB 0x0000000712c00000| Untracked 
| 104|0x0000000712e00000, 0x0000000712e00000, 0x0000000713000000|  0%| F|  |TAMS 0x0000000712e00000| PB 0x0000000712e00000| Untracked 
| 105|0x0000000713000000, 0x0000000713000000, 0x0000000713200000|  0%| F|  |TAMS 0x0000000713000000| PB 0x0000000713000000| Untracked 
| 106|0x0000000713200000, 0x0000000713200000, 0x0000000713400000|  0%| F|  |TAMS 0x0000000713200000| PB 0x0000000713200000| Untracked 
| 107|0x0000000713400000, 0x0000000713400000, 0x0000000713600000|  0%| F|  |TAMS 0x0000000713400000| PB 0x0000000713400000| Untracked 
| 108|0x0000000713600000, 0x0000000713600000, 0x0000000713800000|  0%| F|  |TAMS 0x0000000713600000| PB 0x0000000713600000| Untracked 
| 109|0x0000000713800000, 0x0000000713800000, 0x0000000713a00000|  0%| F|  |TAMS 0x0000000713800000| PB 0x0000000713800000| Untracked 
| 110|0x0000000713a00000, 0x0000000713a00000, 0x0000000713c00000|  0%| F|  |TAMS 0x0000000713a00000| PB 0x0000000713a00000| Untracked 
| 111|0x0000000713c00000, 0x0000000713c00000, 0x0000000713e00000|  0%| F|  |TAMS 0x0000000713c00000| PB 0x0000000713c00000| Untracked 
| 112|0x0000000713e00000, 0x0000000713e00000, 0x0000000714000000|  0%| F|  |TAMS 0x0000000713e00000| PB 0x0000000713e00000| Untracked 
| 113|0x0000000714000000, 0x0000000714200000, 0x0000000714200000|100%| S|CS|TAMS 0x0000000714000000| PB 0x0000000714000000| Complete 
| 114|0x0000000714200000, 0x0000000714400000, 0x0000000714400000|100%| S|CS|TAMS 0x0000000714200000| PB 0x0000000714200000| Complete 
| 115|0x0000000714400000, 0x0000000714400000, 0x0000000714600000|  0%| F|  |TAMS 0x0000000714400000| PB 0x0000000714400000| Untracked 
| 116|0x0000000714600000, 0x0000000714600000, 0x0000000714800000|  0%| F|  |TAMS 0x0000000714600000| PB 0x0000000714600000| Untracked 
| 117|0x0000000714800000, 0x0000000714800000, 0x0000000714a00000|  0%| F|  |TAMS 0x0000000714800000| PB 0x0000000714800000| Untracked 
| 118|0x0000000714a00000, 0x0000000714a00000, 0x0000000714c00000|  0%| F|  |TAMS 0x0000000714a00000| PB 0x0000000714a00000| Untracked 
| 119|0x0000000714c00000, 0x0000000714c00000, 0x0000000714e00000|  0%| F|  |TAMS 0x0000000714c00000| PB 0x0000000714c00000| Untracked 
| 120|0x0000000714e00000, 0x0000000714e00000, 0x0000000715000000|  0%| F|  |TAMS 0x0000000714e00000| PB 0x0000000714e00000| Untracked 
| 121|0x0000000715000000, 0x0000000715000000, 0x0000000715200000|  0%| F|  |TAMS 0x0000000715000000| PB 0x0000000715000000| Untracked 
| 122|0x0000000715200000, 0x000000071531f960, 0x0000000715400000| 56%| E|  |TAMS 0x0000000715200000| PB 0x0000000715200000| Complete 
| 123|0x0000000715400000, 0x0000000715600000, 0x0000000715600000|100%| E|CS|TAMS 0x0000000715400000| PB 0x0000000715400000| Complete 
| 124|0x0000000715600000, 0x0000000715800000, 0x0000000715800000|100%| E|CS|TAMS 0x0000000715600000| PB 0x0000000715600000| Complete 
| 125|0x0000000715800000, 0x0000000715a00000, 0x0000000715a00000|100%| E|CS|TAMS 0x0000000715800000| PB 0x0000000715800000| Complete 

Card table byte_map: [0x00000244efd30000,0x00000244f0510000] _byte_map_base: 0x00000244ec501000

Marking Bits: (CMBitMap*) 0x00000244d74403e0
 Bits: [0x00000244f0510000, 0x00000244f4398000)

Polling page: 0x00000244d52f0000

Metaspace:

Usage:
  Non-class:      7.94 MB used.
      Class:   1018.96 KB used.
       Both:      8.94 MB used.

Virtual space:
  Non-class space:       64.00 MB reserved,       8.06 MB ( 13%) committed,  1 nodes.
      Class space:        1.00 GB reserved,       1.12 MB ( <1%) committed,  1 nodes.
             Both:        1.06 GB reserved,       9.19 MB ( <1%) committed. 

Chunk freelists:
   Non-Class:  7.93 MB
       Class:  14.87 MB
        Both:  22.81 MB

MaxMetaspaceSize: unlimited
CompressedClassSpaceSize: 1.00 GB
Initial GC threshold: 21.00 MB
Current GC threshold: 21.00 MB
CDS: on
 - commit_granule_bytes: 65536.
 - commit_granule_words: 8192.
 - virtual_space_node_default_size: 8388608.
 - enlarge_chunks_in_place: 1.
 - use_allocation_guard: 0.


Internal statistics:

num_allocs_failed_limit: 0.
num_arena_births: 158.
num_arena_deaths: 0.
num_vsnodes_births: 2.
num_vsnodes_deaths: 0.
num_space_committed: 147.
num_space_uncommitted: 0.
num_chunks_returned_to_freelist: 0.
num_chunks_taken_from_freelist: 357.
num_chunk_merges: 0.
num_chunk_splits: 253.
num_chunks_enlarged: 185.
num_inconsistent_stats: 0.

CodeHeap 'non-profiled nmethods': size=119168Kb used=467Kb max_used=467Kb free=118700Kb
 bounds [0x00000244e7650000, 0x00000244e78c0000, 0x00000244eeab0000]
CodeHeap 'profiled nmethods': size=119104Kb used=2606Kb max_used=2606Kb free=116497Kb
 bounds [0x00000244dfab0000, 0x00000244dfd40000, 0x00000244e6f00000]
CodeHeap 'non-nmethods': size=7488Kb used=3099Kb max_used=3115Kb free=4388Kb
 bounds [0x00000244e6f00000, 0x00000244e7210000, 0x00000244e7650000]
 total_blobs=1970 nmethods=1463 adapters=409
 compilation: enabled
              stopped_count=0, restarted_count=0
 full_count=0

Compilation events (20 events):
Event: 1.402 Thread 0x00000244f7425070 1446       3       jdk.internal.org.objectweb.asm.MethodWriter::visitMaxs (60 bytes)
Event: 1.403 Thread 0x00000244f76c9bb0 1447       3       jdk.internal.org.objectweb.asm.MethodWriter::visitEnd (1 bytes)
Event: 1.403 Thread 0x00000244f79954f0 nmethod 1441 0x00000244dfd33a90 code [0x00000244dfd33dc0, 0x00000244dfd34d90]
Event: 1.403 Thread 0x00000244f7425070 nmethod 1446 0x00000244dfd35310 code [0x00000244dfd354e0, 0x00000244dfd357a8]
Event: 1.403 Thread 0x00000244f76c9bb0 nmethod 1447 0x00000244dfd35890 code [0x00000244dfd35a20, 0x00000244dfd35b28]
Event: 1.403 Thread 0x00000244f7425070 1448       3       jdk.internal.org.objectweb.asm.MethodWriter::computeMethodInfoSize (571 bytes)
Event: 1.403 Thread 0x00000244f76c9bb0 1449       3       jdk.internal.org.objectweb.asm.MethodWriter::hasFrames (13 bytes)
Event: 1.403 Thread 0x00000244fc6b9e10 nmethod 1444 0x00000244dfd35b90 code [0x00000244dfd35e20, 0x00000244dfd36bd0]
Event: 1.403 Thread 0x00000244f76c9bb0 nmethod 1449 0x00000244dfd37090 code [0x00000244dfd37220, 0x00000244dfd37388]
Event: 1.404 Thread 0x00000244fc6b9e10 1450       1       java.lang.reflect.Field::getDeclaringClass (5 bytes)
Event: 1.404 Thread 0x00000244fc6b9e10 nmethod 1450 0x00000244e76c1c10 code [0x00000244e76c1da0, 0x00000244e76c1e70]
Event: 1.404 Thread 0x00000244f7425070 nmethod 1448 0x00000244dfd37410 code [0x00000244dfd37740, 0x00000244dfd386a0]
Event: 1.405 Thread 0x00000244fc6b9e10 1456       3       java.lang.invoke.BoundMethodHandle::<init> (32 bytes)
Event: 1.405 Thread 0x00000244fc6b9e10 nmethod 1456 0x00000244dfd38d10 code [0x00000244dfd38ec0, 0x00000244dfd39020]
Event: 1.405 Thread 0x00000244f7425070 1457       3       java.lang.invoke.DirectMethodHandle::internalMemberName (8 bytes)
Event: 1.405 Thread 0x00000244f7425070 nmethod 1457 0x00000244dfd39110 code [0x00000244dfd392a0, 0x00000244dfd39490]
Event: 1.405 Thread 0x00000244fc6b9e10 1458       3       java.lang.invoke.MethodHandle::isBuiltinLoader (24 bytes)
Event: 1.405 Thread 0x00000244fc6b9e10 nmethod 1458 0x00000244dfd39590 code [0x00000244dfd39740, 0x00000244dfd399b8]
Event: 1.405 Thread 0x00000244fc6b9e10 1459       3       java.util.HashMap::<init> (98 bytes)
Event: 1.406 Thread 0x00000244fc6b9e10 nmethod 1459 0x00000244dfd39a90 code [0x00000244dfd39da0, 0x00000244dfd3ad18]

GC Heap History (2 events):
Event: 1.173 GC heap before
{Heap before GC invocations=0 (full 0):
 garbage-first heap   total 258048K, used 22528K [0x0000000705e00000, 0x0000000800000000)
  region size 2048K, 11 young (22528K), 0 survivors (0K)
 Metaspace       used 7827K, committed 8064K, reserved 1114112K
  class space    used 849K, committed 960K, reserved 1048576K
}
Event: 1.176 GC heap after
{Heap after GC invocations=1 (full 0):
 garbage-first heap   total 258048K, used 5516K [0x0000000705e00000, 0x0000000800000000)
  region size 2048K, 2 young (4096K), 2 survivors (4096K)
 Metaspace       used 7827K, committed 8064K, reserved 1114112K
  class space    used 849K, committed 960K, reserved 1048576K
}

Dll operation events (11 events):
Event: 0.009 Loaded shared library C:\Users\a3203\.jdks\corretto-21.0.4\bin\java.dll
Event: 0.037 Loaded shared library C:\Users\a3203\.jdks\corretto-21.0.4\bin\jsvml.dll
Event: 0.083 Loaded shared library C:\Users\a3203\.jdks\corretto-21.0.4\bin\zip.dll
Event: 0.087 Loaded shared library C:\Users\a3203\.jdks\corretto-21.0.4\bin\instrument.dll
Event: 0.091 Loaded shared library C:\Users\a3203\.jdks\corretto-21.0.4\bin\net.dll
Event: 0.093 Loaded shared library C:\Users\a3203\.jdks\corretto-21.0.4\bin\nio.dll
Event: 0.097 Loaded shared library C:\Users\a3203\.jdks\corretto-21.0.4\bin\zip.dll
Event: 0.243 Loaded shared library C:\Program Files\JetBrains\IntelliJ IDEA Community Edition 2023.2.1\bin\breakgen64.dll
Event: 0.251 Loaded shared library C:\Users\a3203\.jdks\corretto-21.0.4\bin\extnet.dll
Event: 0.262 Loaded shared library C:\Users\a3203\.jdks\corretto-21.0.4\bin\jimage.dll
Event: 0.423 Loaded shared library C:\Users\a3203\.jdks\corretto-21.0.4\bin\sunmscapi.dll

Deoptimization events (20 events):
Event: 1.350 Thread 0x00000244f7816ed0 Uncommon trap: trap_request=0xffffff6e fr.pc=0x00000244e76bf48c relative=0x000000000000026c
Event: 1.350 Thread 0x00000244f7816ed0 Uncommon trap: reason=loop_limit_check action=maybe_recompile pc=0x00000244e76bf48c method=java.math.BigInteger.implMulAdd([I[IIII)I @ 26 c2
Event: 1.350 Thread 0x00000244f7816ed0 DEOPT PACKING pc=0x00000244e76bf48c sp=0x0000009f9b0fe060
Event: 1.350 Thread 0x00000244f7816ed0 DEOPT UNPACKING pc=0x00000244e6f546a2 sp=0x0000009f9b0fdfb0 mode 2
Event: 1.399 Thread 0x00000244f7816ed0 Uncommon trap: trap_request=0xffffffde fr.pc=0x00000244e76bb03c relative=0x00000000000009fc
Event: 1.399 Thread 0x00000244f7816ed0 Uncommon trap: reason=class_check action=maybe_recompile pc=0x00000244e76bb03c method=java.util.HashMap.putVal(ILjava/lang/Object;Ljava/lang/Object;ZZ)Ljava/lang/Object; @ 253 c2
Event: 1.399 Thread 0x00000244f7816ed0 DEOPT PACKING pc=0x00000244e76bb03c sp=0x0000009f9b0fe1a0
Event: 1.399 Thread 0x00000244f7816ed0 DEOPT UNPACKING pc=0x00000244e6f546a2 sp=0x0000009f9b0fe0e8 mode 2
Event: 1.399 Thread 0x00000244f7816ed0 Uncommon trap: trap_request=0xffffffde fr.pc=0x00000244e76bb03c relative=0x00000000000009fc
Event: 1.399 Thread 0x00000244f7816ed0 Uncommon trap: reason=class_check action=maybe_recompile pc=0x00000244e76bb03c method=java.util.HashMap.putVal(ILjava/lang/Object;Ljava/lang/Object;ZZ)Ljava/lang/Object; @ 253 c2
Event: 1.399 Thread 0x00000244f7816ed0 DEOPT PACKING pc=0x00000244e76bb03c sp=0x0000009f9b0fe1a0
Event: 1.399 Thread 0x00000244f7816ed0 DEOPT UNPACKING pc=0x00000244e6f546a2 sp=0x0000009f9b0fe0e8 mode 2
Event: 1.399 Thread 0x00000244f7816ed0 Uncommon trap: trap_request=0xffffffde fr.pc=0x00000244e76bb03c relative=0x00000000000009fc
Event: 1.399 Thread 0x00000244f7816ed0 Uncommon trap: reason=class_check action=maybe_recompile pc=0x00000244e76bb03c method=java.util.HashMap.putVal(ILjava/lang/Object;Ljava/lang/Object;ZZ)Ljava/lang/Object; @ 253 c2
Event: 1.399 Thread 0x00000244f7816ed0 DEOPT PACKING pc=0x00000244e76bb03c sp=0x0000009f9b0fe1a0
Event: 1.399 Thread 0x00000244f7816ed0 DEOPT UNPACKING pc=0x00000244e6f546a2 sp=0x0000009f9b0fe0e8 mode 2
Event: 1.400 Thread 0x00000244f7816ed0 Uncommon trap: trap_request=0xffffffde fr.pc=0x00000244e76bb03c relative=0x00000000000009fc
Event: 1.400 Thread 0x00000244f7816ed0 Uncommon trap: reason=class_check action=maybe_recompile pc=0x00000244e76bb03c method=java.util.HashMap.putVal(ILjava/lang/Object;Ljava/lang/Object;ZZ)Ljava/lang/Object; @ 253 c2
Event: 1.400 Thread 0x00000244f7816ed0 DEOPT PACKING pc=0x00000244e76bb03c sp=0x0000009f9b0fe1a0
Event: 1.400 Thread 0x00000244f7816ed0 DEOPT UNPACKING pc=0x00000244e6f546a2 sp=0x0000009f9b0fe0e8 mode 2

Classes loaded (20 events):
Event: 1.348 Loading class com/sun/crypto/provider/AESConstants done
Event: 1.348 Loading class com/sun/crypto/provider/SymmetricCipher
Event: 1.348 Loading class com/sun/crypto/provider/SymmetricCipher done
Event: 1.348 Loading class com/sun/crypto/provider/AESCrypt done
Event: 1.348 Loading class com/sun/crypto/provider/ElectronicCodeBook
Event: 1.348 Loading class com/sun/crypto/provider/FeedbackCipher
Event: 1.349 Loading class com/sun/crypto/provider/FeedbackCipher done
Event: 1.349 Loading class com/sun/crypto/provider/ElectronicCodeBook done
Event: 1.349 Loading class com/sun/crypto/provider/PKCS5Padding
Event: 1.349 Loading class com/sun/crypto/provider/Padding
Event: 1.349 Loading class com/sun/crypto/provider/Padding done
Event: 1.349 Loading class com/sun/crypto/provider/PKCS5Padding done
Event: 1.349 Loading class sun/security/util/ArrayUtil
Event: 1.349 Loading class sun/security/util/ArrayUtil done
Event: 1.404 Loading class jdk/internal/reflect/MethodHandleIntegerFieldAccessorImpl
Event: 1.404 Loading class jdk/internal/reflect/MethodHandleIntegerFieldAccessorImpl done
Event: 1.405 Loading class jdk/internal/reflect/MethodHandleBooleanFieldAccessorImpl
Event: 1.405 Loading class jdk/internal/reflect/MethodHandleBooleanFieldAccessorImpl done
Event: 1.406 Loading class jdk/internal/event/ThreadSleepEvent
Event: 1.406 Loading class jdk/internal/event/ThreadSleepEvent done

Classes unloaded (0 events):
No events

Classes redefined (0 events):
No events

Internal exceptions (18 events):
Event: 0.233 Thread 0x00000244d50df660 Exception <a 'java/lang/NoSuchMethodError'{0x0000000715543660}: 'void java.lang.invoke.DirectMethodHandle$Holder.invokeStatic(java.lang.Object, java.lang.Object, java.lang.Object)'> (0x0000000715543660) 
thrown [s\src\hotspot\share\interpreter\linkResolver.cpp, line 773]
Event: 0.237 Thread 0x00000244d50df660 Exception <a 'java/lang/NoSuchMethodError'{0x000000071555b438}: 'java.lang.Object java.lang.invoke.Invokers$Holder.invokeExact_MT(java.lang.Object, java.lang.Object, java.lang.Object, java.lang.Object, java.lang.Object)'> (0x000000071555b438) 
thrown [s\src\hotspot\share\interpreter\linkResolver.cpp, line 773]
Event: 0.252 Thread 0x00000244f7815b20 Exception <a 'java/lang/NoSuchMethodError'{0x00000007155cd7d0}: 'void java.lang.invoke.DirectMethodHandle$Holder.invokeStatic(java.lang.Object, java.lang.Object)'> (0x00000007155cd7d0) 
thrown [s\src\hotspot\share\interpreter\linkResolver.cpp, line 773]
Event: 0.367 Thread 0x00000244d50df660 Exception <a 'java/lang/NoSuchMethodError'{0x0000000714e1ebd8}: 'void java.lang.invoke.DirectMethodHandle$Holder.invokeSpecial(java.lang.Object, java.lang.Object, java.lang.Object)'> (0x0000000714e1ebd8) 
thrown [s\src\hotspot\share\interpreter\linkResolver.cpp, line 773]
Event: 0.406 Thread 0x00000244d50df660 Exception <a 'java/lang/NoSuchMethodError'{0x0000000714f01458}: 'java.lang.Object java.lang.invoke.DirectMethodHandle$Holder.invokeStaticInit(java.lang.Object, int, int, int, int)'> (0x0000000714f01458) 
thrown [s\src\hotspot\share\interpreter\linkResolver.cpp, line 773]
Event: 0.453 Thread 0x00000244d50df660 Exception <a 'java/lang/NoSuchMethodError'{0x0000000714cc0c08}: 'java.lang.Object java.lang.invoke.DirectMethodHandle$Holder.invokeStaticInit(java.lang.Object, java.lang.Object, int, int, int, int)'> (0x0000000714cc0c08) 
thrown [s\src\hotspot\share\interpreter\linkResolver.cpp, line 773]
Event: 0.544 Thread 0x00000244d50df660 Exception <a 'java/lang/NoSuchMethodError'{0x0000000714a72200}: 'java.lang.Object java.lang.invoke.DirectMethodHandle$Holder.invokeStatic(java.lang.Object, long, java.lang.Object)'> (0x0000000714a72200) 
thrown [s\src\hotspot\share\interpreter\linkResolver.cpp, line 773]
Event: 0.545 Thread 0x00000244d50df660 Exception <a 'java/lang/NoSuchMethodError'{0x0000000714a759b8}: 'java.lang.Object java.lang.invoke.DirectMethodHandle$Holder.invokeStaticInit(java.lang.Object, long, java.lang.Object)'> (0x0000000714a759b8) 
thrown [s\src\hotspot\share\interpreter\linkResolver.cpp, line 773]
Event: 0.545 Thread 0x00000244d50df660 Exception <a 'java/lang/NoSuchMethodError'{0x0000000714a7b6d0}: 'java.lang.Object java.lang.invoke.DirectMethodHandle$Holder.newInvokeSpecial(java.lang.Object, long)'> (0x0000000714a7b6d0) 
thrown [s\src\hotspot\share\interpreter\linkResolver.cpp, line 773]
Event: 0.547 Thread 0x00000244d50df660 Exception <a 'java/lang/NoSuchMethodError'{0x0000000714a81270}: 'long java.lang.invoke.DirectMethodHandle$Holder.invokeInterface(java.lang.Object, java.lang.Object)'> (0x0000000714a81270) 
thrown [s\src\hotspot\share\interpreter\linkResolver.cpp, line 773]
Event: 0.548 Thread 0x00000244d50df660 Exception <a 'java/lang/NoSuchMethodError'{0x0000000714a85ed0}: 'long java.lang.invoke.DelegatingMethodHandle$Holder.reinvoke_L(java.lang.Object, java.lang.Object)'> (0x0000000714a85ed0) 
thrown [s\src\hotspot\share\interpreter\linkResolver.cpp, line 773]
Event: 0.642 Thread 0x00000244f7816ed0 Exception <a 'java/lang/NoSuchMethodError'{0x00000007147ab998}: 'java.lang.Object java.lang.invoke.Invokers$Holder.linkToTargetMethod(java.lang.Object, java.lang.Object, java.lang.Object, java.lang.Object, java.lang.Object, java.lang.Object, java.lang.Object, java.lang.Object, java.lang.Object, java.lang.Object, java.lang.Object, java.lang.Object)'> (0x00000007147ab998) 
thrown [s\src\hotspot\share\interpreter\linkResolver.cpp, line 773]
Event: 1.171 Thread 0x00000244f7465640 Exception <a 'java/lang/NoSuchMethodError'{0x00000007145da8a8}: 'java.lang.Object java.lang.invoke.Invokers$Holder.invokeExact_MT(java.lang.Object, java.lang.Object, java.lang.Object, java.lang.Object, java.lang.Object, java.lang.Object)'> (0x00000007145da8a8) 
thrown [s\src\hotspot\share\interpreter\linkResolver.cpp, line 773]
Event: 1.333 Thread 0x00000244f7816ed0 Exception <a 'java/lang/NoSuchMethodError'{0x0000000715975308}: 'void java.lang.invoke.DirectMethodHandle$Holder.invokeVirtual(java.lang.Object, java.lang.Object)'> (0x0000000715975308) 
thrown [s\src\hotspot\share\interpreter\linkResolver.cpp, line 773]
Event: 1.338 Thread 0x00000244f7816ed0 Exception <a 'sun/nio/fs/WindowsException'{0x00000007159852b8}> (0x00000007159852b8) 
thrown [s\src\hotspot\share\prims\jni.cpp, line 520]
Event: 1.404 Thread 0x00000244f7816ed0 Exception <a 'java/lang/NoSuchMethodError'{0x0000000715740458}: 'int java.lang.invoke.DirectMethodHandle$Holder.invokeSpecial(java.lang.Object, java.lang.Object, java.lang.Object)'> (0x0000000715740458) 
thrown [s\src\hotspot\share\interpreter\linkResolver.cpp, line 773]
Event: 1.404 Thread 0x00000244f7816ed0 Exception <a 'java/lang/NoSuchMethodError'{0x000000071574aa48}: 'void java.lang.invoke.DelegatingMethodHandle$Holder.reinvoke_L(java.lang.Object, java.lang.Object, int)'> (0x000000071574aa48) 
thrown [s\src\hotspot\share\interpreter\linkResolver.cpp, line 773]
Event: 1.405 Thread 0x00000244f7816ed0 Exception <a 'java/lang/NoSuchMethodError'{0x0000000715751378}: 'int java.lang.invoke.Invokers$Holder.invokeExact_MT(java.lang.Object, java.lang.Object, java.lang.Object)'> (0x0000000715751378) 
thrown [s\src\hotspot\share\interpreter\linkResolver.cpp, line 773]

ZGC Phase Switch (0 events):
No events

VM Operations (20 events):
Event: 0.265 Executing VM operation: HandshakeAllThreads (Deoptimize)
Event: 0.265 Executing VM operation: HandshakeAllThreads (Deoptimize) done
Event: 0.381 Executing VM operation: HandshakeAllThreads (Deoptimize)
Event: 0.381 Executing VM operation: HandshakeAllThreads (Deoptimize) done
Event: 0.408 Executing VM operation: HandshakeAllThreads (Deoptimize)
Event: 0.408 Executing VM operation: HandshakeAllThreads (Deoptimize) done
Event: 0.552 Executing VM operation: HandshakeAllThreads (Deoptimize)
Event: 0.552 Executing VM operation: HandshakeAllThreads (Deoptimize) done
Event: 0.596 Executing VM operation: HandshakeAllThreads (Deoptimize)
Event: 0.596 Executing VM operation: HandshakeAllThreads (Deoptimize) done
Event: 0.630 Executing VM operation: ICBufferFull
Event: 0.630 Executing VM operation: ICBufferFull done
Event: 1.159 Executing VM operation: HandshakeAllThreads (Deoptimize)
Event: 1.159 Executing VM operation: HandshakeAllThreads (Deoptimize) done
Event: 1.173 Executing VM operation: G1CollectForAllocation (G1 Evacuation Pause)
Event: 1.176 Executing VM operation: G1CollectForAllocation (G1 Evacuation Pause) done
Event: 1.339 Executing VM operation: HandshakeAllThreads (Deoptimize)
Event: 1.339 Executing VM operation: HandshakeAllThreads (Deoptimize) done
Event: 1.342 Executing VM operation: HandshakeAllThreads (Deoptimize)
Event: 1.342 Executing VM operation: HandshakeAllThreads (Deoptimize) done

Memory protections (0 events):
No events

Nmethod flushes (0 events):
No events

Events (20 events):
Event: 1.406 Thread 0x00000244d50df660 Thread added: 0x00000244f7817560
Event: 1.406 Thread 0x00000244d50df660 Thread added: 0x00000244f7817bf0
Event: 1.406 Thread 0x00000244d50df660 Thread added: 0x00000244f7815490
Event: 1.406 Thread 0x00000244d50df660 Thread added: 0x00000244f7818280
Event: 1.406 Thread 0x00000244d50df660 Thread added: 0x00000244fca2c700
Event: 1.406 Thread 0x00000244d50df660 Thread added: 0x00000244fca2a630
Event: 1.406 Thread 0x00000244d50df660 Thread added: 0x00000244fca2d420
Event: 1.406 Thread 0x00000244d50df660 Thread added: 0x00000244fca2e140
Event: 1.406 Thread 0x00000244d50df660 Thread added: 0x00000244fca2ee60
Event: 1.406 Thread 0x00000244d50df660 Thread added: 0x00000244fca2e7d0
Event: 1.406 Thread 0x00000244d50df660 Thread added: 0x00000244fca2b9e0
Event: 1.406 Thread 0x00000244d50df660 Thread added: 0x00000244fca2cd90
Event: 1.406 Thread 0x00000244d50df660 Thread added: 0x00000244fca28560
Event: 1.406 Thread 0x00000244d50df660 Thread added: 0x00000244fca2b350
Event: 1.406 Thread 0x00000244d50df660 Thread added: 0x00000244fca2acc0
Event: 1.406 Thread 0x00000244d50df660 Thread added: 0x00000244fca28bf0
Event: 1.406 Thread 0x00000244d50df660 Thread added: 0x00000244fca2dab0
Event: 1.406 Thread 0x00000244d50df660 Thread added: 0x00000244fca2c070
Event: 1.406 Thread 0x00000244d50df660 Thread added: 0x00000244fca2f4f0
Event: 1.406 Thread 0x00000244d50df660 Thread added: 0x00000244fca2fb80


Dynamic libraries:
0x00007ff7a29f0000 - 0x00007ff7a29fe000 	C:\Users\a3203\.jdks\corretto-21.0.4\bin\java.exe
0x00007ffaf6250000 - 0x00007ffaf6467000 	C:\WINDOWS\SYSTEM32\ntdll.dll
0x00007ffaf50f0000 - 0x00007ffaf51b4000 	C:\WINDOWS\System32\KERNEL32.DLL
0x00007ffaf39a0000 - 0x00007ffaf3d59000 	C:\WINDOWS\System32\KERNELBASE.dll
0x00007ffaf3660000 - 0x00007ffaf3771000 	C:\WINDOWS\System32\ucrtbase.dll
0x00007ffaedeb0000 - 0x00007ffaedec8000 	C:\Users\a3203\.jdks\corretto-21.0.4\bin\jli.dll
0x00007ffaedd30000 - 0x00007ffaedd4b000 	C:\Users\a3203\.jdks\corretto-21.0.4\bin\VCRUNTIME140.dll
0x00007ffaf5580000 - 0x00007ffaf572e000 	C:\WINDOWS\System32\USER32.dll
0x00007ffaf3800000 - 0x00007ffaf3826000 	C:\WINDOWS\System32\win32u.dll
0x00007ffada270000 - 0x00007ffada502000 	C:\WINDOWS\WinSxS\amd64_microsoft.windows.common-controls_6595b64144ccf1df_6.0.22621.4391_none_2715d37f73803e96\COMCTL32.dll
0x00007ffaf52d0000 - 0x00007ffaf52f9000 	C:\WINDOWS\System32\GDI32.dll
0x00007ffaf5730000 - 0x00007ffaf57d7000 	C:\WINDOWS\System32\msvcrt.dll
0x00007ffaf3e50000 - 0x00007ffaf3f6b000 	C:\WINDOWS\System32\gdi32full.dll
0x00007ffaf3550000 - 0x00007ffaf35ea000 	C:\WINDOWS\System32\msvcp_win.dll
0x00007ffaf61d0000 - 0x00007ffaf6201000 	C:\WINDOWS\System32\IMM32.DLL
0x00007ffaedda0000 - 0x00007ffaeddac000 	C:\Users\a3203\.jdks\corretto-21.0.4\bin\vcruntime140_1.dll
0x00007ffa9c670000 - 0x00007ffa9c6fd000 	C:\Users\a3203\.jdks\corretto-21.0.4\bin\msvcp140.dll
0x00007ffa195f0000 - 0x00007ffa1a386000 	C:\Users\a3203\.jdks\corretto-21.0.4\bin\server\jvm.dll
0x00007ffaf4d60000 - 0x00007ffaf4e12000 	C:\WINDOWS\System32\ADVAPI32.dll
0x00007ffaf4f20000 - 0x00007ffaf4fc7000 	C:\WINDOWS\System32\sechost.dll
0x00007ffaf3d60000 - 0x00007ffaf3d88000 	C:\WINDOWS\System32\bcrypt.dll
0x00007ffaf4fd0000 - 0x00007ffaf50e4000 	C:\WINDOWS\System32\RPCRT4.dll
0x00007ffaf4ba0000 - 0x00007ffaf4c11000 	C:\WINDOWS\System32\WS2_32.dll
0x00007ffaf2400000 - 0x00007ffaf244d000 	C:\WINDOWS\SYSTEM32\POWRPROF.dll
0x00007ffaedca0000 - 0x00007ffaedcd4000 	C:\WINDOWS\SYSTEM32\WINMM.dll
0x00007ffaeaef0000 - 0x00007ffaeaefa000 	C:\WINDOWS\SYSTEM32\VERSION.dll
0x00007ffaf23c0000 - 0x00007ffaf23d3000 	C:\WINDOWS\SYSTEM32\UMPDC.dll
0x00007ffaf2680000 - 0x00007ffaf2698000 	C:\WINDOWS\SYSTEM32\kernel.appcore.dll
0x00007ffaec920000 - 0x00007ffaec92a000 	C:\Users\a3203\.jdks\corretto-21.0.4\bin\jimage.dll
0x00007ffaf0ba0000 - 0x00007ffaf0dd2000 	C:\WINDOWS\SYSTEM32\DBGHELP.DLL
0x00007ffaf4810000 - 0x00007ffaf4b9f000 	C:\WINDOWS\System32\combase.dll
0x00007ffaf4c80000 - 0x00007ffaf4d57000 	C:\WINDOWS\System32\OLEAUT32.dll
0x00007ffae91c0000 - 0x00007ffae91f2000 	C:\WINDOWS\SYSTEM32\dbgcore.DLL
0x00007ffaf3780000 - 0x00007ffaf37fb000 	C:\WINDOWS\System32\bcryptPrimitives.dll
0x00007ffacfc40000 - 0x00007ffacfc4e000 	C:\Users\a3203\.jdks\corretto-21.0.4\bin\instrument.dll
0x00007ffaec900000 - 0x00007ffaec91f000 	C:\Users\a3203\.jdks\corretto-21.0.4\bin\java.dll
0x00007ffaf3f70000 - 0x00007ffaf47e6000 	C:\WINDOWS\System32\SHELL32.dll
0x00007ffaf14a0000 - 0x00007ffaf1da3000 	C:\WINDOWS\SYSTEM32\windows.storage.dll
0x00007ffaf1360000 - 0x00007ffaf149f000 	C:\WINDOWS\SYSTEM32\wintypes.dll
0x00007ffaf5db0000 - 0x00007ffaf5ea9000 	C:\WINDOWS\System32\SHCORE.dll
0x00007ffaf5d00000 - 0x00007ffaf5d5e000 	C:\WINDOWS\System32\shlwapi.dll
0x00007ffaf3480000 - 0x00007ffaf34ab000 	C:\WINDOWS\SYSTEM32\profapi.dll
0x00007ffa956f0000 - 0x00007ffa957c7000 	C:\Users\a3203\.jdks\corretto-21.0.4\bin\jsvml.dll
0x00007ffaeb7a0000 - 0x00007ffaeb7b8000 	C:\Users\a3203\.jdks\corretto-21.0.4\bin\zip.dll
0x00007ffaebe70000 - 0x00007ffaebe80000 	C:\Users\a3203\.jdks\corretto-21.0.4\bin\net.dll
0x00007ffaef120000 - 0x00007ffaef256000 	C:\WINDOWS\SYSTEM32\WINHTTP.dll
0x00007ffaf2b00000 - 0x00007ffaf2b69000 	C:\WINDOWS\system32\mswsock.dll
0x00007ffaebbb0000 - 0x00007ffaebbc6000 	C:\Users\a3203\.jdks\corretto-21.0.4\bin\nio.dll
0x00007ffab2a90000 - 0x00007ffab2aaa000 	C:\Program Files\JetBrains\IntelliJ IDEA Community Edition 2023.2.1\bin\breakgen64.dll
0x00007ffaebe60000 - 0x00007ffaebe69000 	C:\Users\a3203\.jdks\corretto-21.0.4\bin\extnet.dll
0x00007ffaedf00000 - 0x00007ffaedf0e000 	C:\Users\a3203\.jdks\corretto-21.0.4\bin\sunmscapi.dll
0x00007ffaf3830000 - 0x00007ffaf3996000 	C:\WINDOWS\System32\CRYPT32.dll
0x00007ffaf2ef0000 - 0x00007ffaf2f1d000 	C:\WINDOWS\SYSTEM32\ncrypt.dll
0x00007ffaf2eb0000 - 0x00007ffaf2ee7000 	C:\WINDOWS\SYSTEM32\NTASN1.dll
0x00007ffac4490000 - 0x00007ffac4498000 	C:\WINDOWS\system32\wshunix.dll
0x00007ffaf2d50000 - 0x00007ffaf2d6b000 	C:\WINDOWS\SYSTEM32\CRYPTSP.dll
0x00007ffaf25e0000 - 0x00007ffaf2615000 	C:\WINDOWS\system32\rsaenh.dll
0x00007ffaf2bf0000 - 0x00007ffaf2c18000 	C:\WINDOWS\SYSTEM32\USERENV.dll
0x00007ffaf2d70000 - 0x00007ffaf2d7c000 	C:\WINDOWS\SYSTEM32\CRYPTBASE.dll
0x00007ffaf20c0000 - 0x00007ffaf20ed000 	C:\WINDOWS\SYSTEM32\IPHLPAPI.DLL
0x00007ffaf4e30000 - 0x00007ffaf4e39000 	C:\WINDOWS\System32\NSI.dll
0x00007ffaf2140000 - 0x00007ffaf2242000 	C:\WINDOWS\SYSTEM32\DNSAPI.dll
0x00007ffaedfc0000 - 0x00007ffaedfca000 	C:\Windows\System32\rasadhlp.dll
0x00007ffaedfd0000 - 0x00007ffaee053000 	C:\WINDOWS\System32\fwpuclnt.dll

dbghelp: loaded successfully - version: 4.0.5 - missing functions: none
symbol engine: initialized successfully - sym options: 0x614 - pdb path: .;C:\Users\a3203\.jdks\corretto-21.0.4\bin;C:\WINDOWS\SYSTEM32;C:\WINDOWS\WinSxS\amd64_microsoft.windows.common-controls_6595b64144ccf1df_6.0.22621.4391_none_2715d37f73803e96;C:\Users\a3203\.jdks\corretto-21.0.4\bin\server;C:\Program Files\JetBrains\IntelliJ IDEA Community Edition 2023.2.1\bin

VM Arguments:
jvm_args: -javaagent:C:\Program Files\JetBrains\IntelliJ IDEA Community Edition 2023.2.1\lib\idea_rt.jar=49312:C:\Program Files\JetBrains\IntelliJ IDEA Community Edition 2023.2.1\bin -Dfile.encoding=UTF-8 -Dsun.stdout.encoding=UTF-8 -Dsun.stderr.encoding=UTF-8 
java_command: org.example.MinecraftClientTitleTest
java_class_path (initial): C:\Users\a3203\Desktop\code\AstralVerification CloudConfig\mcbot\target\classes;C:\Users\a3203\.m2\repository\org\geysermc\mcprotocollib\protocol\1.21-SNAPSHOT\protocol-1.21-20241010.155958-24.jar;C:\Users\a3203\.m2\repository\org\cloudburstmc\nbt\3.0.0.Final\nbt-3.0.0.Final.jar;C:\Users\a3203\.m2\repository\com\google\code\gson\gson\2.11.0\gson-2.11.0.jar;C:\Users\a3203\.m2\repository\com\google\errorprone\error_prone_annotations\2.27.0\error_prone_annotations-2.27.0.jar;C:\Users\a3203\.m2\repository\net\raphimc\MinecraftAuth\4.0.2\MinecraftAuth-4.0.2.jar;C:\Users\a3203\.m2\repository\net\lenni0451\commons\httpclient\1.5.1\httpclient-1.5.1.jar;C:\Users\a3203\.m2\repository\io\jsonwebtoken\jjwt-impl\0.12.5\jjwt-impl-0.12.5.jar;C:\Users\a3203\.m2\repository\io\jsonwebtoken\jjwt-api\0.12.5\jjwt-api-0.12.5.jar;C:\Users\a3203\.m2\repository\io\jsonwebtoken\jjwt-gson\0.12.5\jjwt-gson-0.12.5.jar;C:\Users\a3203\.m2\repository\org\slf4j\slf4j-api\2.0.9\slf4j-api-2.0.9.jar;C:\Users\a3203\.m2\repository\net\kyori\adventure-text-serializer-gson\4.15.0\adventure-text-serializer-gson-4.15.0.jar;C:\Users\a3203\.m2\repository\net\kyori\adventure-text-serializer-json\4.15.0\adventure-text-serializer-json-4.15.0.jar;C:\Users\a3203\.m2\repository\net\kyori\option\1.0.0\option-1.0.0.jar;C:\Users\a3203\.m2\repository\net\kyori\adventure-text-serializer-json-legacy-impl\4.15.0\adventure-text-serializer-json-legacy-impl-4.15.0.jar;C:\Users\a3203\.m2\repository\net\kyori\adventure-api\4.15.0\adventure-api-4.15.0.jar;C:\Users\a3203\.m2\repository\net\kyori\adventure-key\4.15.0\adventure-key-4.15.0.jar;C:\Users\a3203\.m2\repository\net\kyori\examination-api\1.3.0\examination-api-1.3.0.jar;C:\Users\a3203\.m2\repository\net\kyori\examination-string\1.3.0\examination-string-1.3.0.jar;C:\Users\a3203\.m2\repository\org\jetbrains\annotations\24.1.0\annotations-24.1.0.jar;C:\Users\a3203\.m2\repository\net\kyori\adventure-nbt\4.15.0\adventure-nbt-4.15.0.jar;C:\Users\a3203\.m2\repository\org\cloudburstmc\math\api\2.0\api-2.0.jar;C:\Users\a3203\.m2\repository\org\cloudburstmc\math\immutable\2.0\immutable-2.0.jar;C:\Users\a3203\.m2\repository\com\nukkitx\fastutil\fastutil-object-int-maps\8.5.3\fastutil-object-int-maps-8.5.3.jar;C:\Users\a3203\.m2\repository\com\nukkitx\fastutil\fastutil-object-sets\8.5.3\fastutil-object-sets-8.5.3.jar;C:\Users\a3203\.m2\repository\com\nukkitx\fastutil\fastutil-object-common\8.5.3\fastutil-object-common-8.5.3.jar;C:\Users\a3203\.m2\repository\com\nukkitx\fastutil\fastutil-common\8.5.3\fastutil-common-8.5.3.jar;C:\Users\a3203\.m2\repository\com\nukkitx\fastutil\fastutil-int-sets\8.5.3\fastutil-int-sets-8.5.3.jar;C:\Users\a3203\.m2\repository\com\nukkitx\fastutil\fastutil-int-common\8.5.3\fastutil-int-common-8.5.3.jar;C:\Users\a3203\.m2\repository\com\nukkitx\fastutil\fastutil-int-object-maps\8.5.3\fastutil-int-object-maps-8.5.3.jar;C:\Users\a3203\.m2\repository\com\nukkitx\fastutil\fastutil-int-int-maps\8.5.3\fastutil-int-int-maps-8.5.3.jar;C:\Users\a3203\.m2\repository\io\netty\netty-all\4.1.103.Final\netty-all-4.1.103.Final.jar;C:\Users\a3203\.m2\repository\io\netty\netty-buffer\4.1.103.Final\netty-buffer-4.1.103.Final.jar;C:\Users\a3203\.m2\repository\io\netty\netty-codec\4.1.103.Final\netty-codec-4.1.103.Final.jar;C:\Users\a3203\.m2\repository\io\netty\netty-codec-dns\4.1.103.Final\netty-codec-dns-4.1.103.Final.jar;C:\Users\a3203\.m2\repository\io\netty\netty-codec-haproxy\4.1.103.Final\netty-codec-haproxy-4.1.103.Final.jar;C:\Users\a3203\.m2\repository\io\netty\netty-codec-http\4.1.103.Final\netty-codec-http-4.1.103.Final.jar;C:\Users\a3203\.m2\repository\io\netty\netty-codec-http2\4.1.103.Final\netty-codec-http2-4.1.103.Final.jar;C:\Users\a3203\.m2\repository\io\netty\netty-codec-memcache\4.1.103.Final\netty-codec-memcache-4.1.103.Final.jar;C:\Users\a3203\.m2\repository\io\netty\netty-codec-mqtt\4.1.103.Final\netty-codec-mqtt-4.1.103.Final.jar;C:\Users\a3203\.m2\repository\io\netty\netty-codec-redis\4.1.103.Final\netty-codec-redis-4.1.103.Final.jar;C:\Users\a3203\.m2\repository\io\netty\netty-codec-smtp\4.1.103.Final\netty-codec-smtp-4.1.103.Final.jar;C:\Users\a3203\.m2\repository\io\netty\netty-codec-socks\4.1.103.Final\netty-codec-socks-4.1.103.Final.jar;C:\Users\a3203\.m2\repository\io\netty\netty-codec-stomp\4.1.103.Final\netty-codec-stomp-4.1.103.Final.jar;C:\Users\a3203\.m2\repository\io\netty\netty-codec-xml\4.1.103.Final\netty-codec-xml-4.1.103.Final.jar;C:\Users\a3203\.m2\repository\io\netty\netty-common\4.1.103.Final\netty-common-4.1.103.Final.jar;C:\Users\a3203\.m2\repository\io\netty\netty-handler\4.1.103.Final\netty-handler-4.1.103.Final.jar;C:\Users\a3203\.m2\repository\io\netty\netty-transport-native-unix-common\4.1.103.Final\netty-transport-native-unix-common-4.1.103.Final.jar;C:\Users\a3203\.m2\repository\io\netty\netty-handler-proxy\4.1.103.Final\netty-handler-proxy-4.1.103.Final.jar;C:\Users\a3203\.m2\repository\io\netty\netty-handler-ssl-ocsp\4.1.103.Final\netty-handler-ssl-ocsp-4.1.103.Final.jar;C:\Users\a3203\.m2\repository\io\netty\netty-resolver\4.1.103.Final\netty-resolver-4.1.103.Final.jar;C:\Users\a3203\.m2\repository\io\netty\netty-resolver-dns\4.1.103.Final\netty-resolver-dns-4.1.103.Final.jar;C:\Users\a3203\.m2\repository\io\netty\netty-transport\4.1.103.Final\netty-transport-4.1.103.Final.jar;C:\Users\a3203\.m2\repository\io\netty\netty-transport-rxtx\4.1.103.Final\netty-transport-rxtx-4.1.103.Final.jar;C:\Users\a3203\.m2\repository\io\netty\netty-transport-sctp\4.1.103.Final\netty-transport-sctp-4.1.103.Final.jar;C:\Users\a3203\.m2\repository\io\netty\netty-transport-udt\4.1.103.Final\netty-transport-udt-4.1.103.Final.jar;C:\Users\a3203\.m2\repository\io\netty\netty-transport-classes-epoll\4.1.103.Final\netty-transport-classes-epoll-4.1.103.Final.jar;C:\Users\a3203\.m2\repository\io\netty\netty-transport-classes-kqueue\4.1.103.Final\netty-transport-classes-kqueue-4.1.103.Final.jar;C:\Users\a3203\.m2\repository\io\netty\netty-resolver-dns-classes-macos\4.1.103.Final\netty-resolver-dns-classes-macos-4.1.103.Final.jar;C:\Users\a3203\.m2\repository\io\netty\netty-transport-native-epoll\4.1.103.Final\netty-transport-native-epoll-4.1.103.Final-linux-x86_64.jar;C:\Users\a3203\.m2\repository\io\netty\netty-transport-native-epoll\4.1.103.Final\netty-transport-native-epoll-4.1.103.Final-linux-aarch_64.jar;C:\Users\a3203\.m2\repository\io\netty\netty-transport-native-epoll\4.1.103.Final\netty-transport-native-epoll-4.1.103.Final-linux-riscv64.jar;C:\Users\a3203\.m2\repository\io\netty\netty-transport-native-kqueue\4.1.103.Final\netty-transport-native-kqueue-4.1.103.Final-osx-x86_64.jar;C:\Users\a3203\.m2\repository\io\netty\netty-transport-native-kqueue\4.1.103.Final\netty-transport-native-kqueue-4.1.103.Final-osx-aarch_64.jar;C:\Users\a3203\.m2\repository\io\netty\netty-resolver-dns-native-macos\4.1.103.Final\netty-resolver-dns-native-macos-4.1.103.Final-osx-x86_64.jar;C:\Users\a3203\.m2\repository\io\netty\netty-resolver-dns-native-macos\4.1.103.Final\netty-resolver-dns-native-macos-4.1.103.Final-osx-aarch_64.jar;C:\Users\a3203\.m2\repository\io\netty\incubator\netty-incubator-transport-native-io_uring\0.0.24.Final\netty-incubator-transport-native-io_uring-0.0.24.Final.jar;C:\Users\a3203\.m2\repository\io\netty\incubator\netty-incubator-transport-classes-io_uring\0.0.24.Final\netty-incubator-transport-classes-io_uring-0.0.24.Final.jar;C:\Users\a3203\.m2\repository\org\checkerframework\checker-qual\3.42.0\checker-qual-3.42.0.jar;C:\Users\a3203\.m2\repository\org\slf4j\slf4j-simple\2.0.9\slf4j-simple-2.0.9.jar;C:\Users\a3203\.m2\repository\com\beust\jcommander\1.82\jcommander-1.82.jar
Launcher Type: SUN_STANDARD

[Global flags]
     intx CICompilerCount                          = 12                                        {product} {ergonomic}
     uint ConcGCThreads                            = 4                                         {product} {ergonomic}
     uint G1ConcRefinementThreads                  = 15                                        {product} {ergonomic}
   size_t G1HeapRegionSize                         = 2097152                                   {product} {ergonomic}
    uintx GCDrainStackTargetSize                   = 64                                        {product} {ergonomic}
   size_t InitialHeapSize                          = 264241152                                 {product} {ergonomic}
   size_t MarkStackSize                            = 4194304                                   {product} {ergonomic}
   size_t MaxHeapSize                              = 4196401152                                {product} {ergonomic}
   size_t MaxNewSize                               = 2516582400                                {product} {ergonomic}
   size_t MinHeapDeltaBytes                        = 2097152                                   {product} {ergonomic}
   size_t MinHeapSize                              = 8388608                                   {product} {ergonomic}
    uintx NonNMethodCodeHeapSize                   = 7602480                                {pd product} {ergonomic}
    uintx NonProfiledCodeHeapSize                  = 122027880                              {pd product} {ergonomic}
    uintx ProfiledCodeHeapSize                     = 122027880                              {pd product} {ergonomic}
    uintx ReservedCodeCacheSize                    = 251658240                              {pd product} {ergonomic}
     bool SegmentedCodeCache                       = true                                      {product} {ergonomic}
   size_t SoftMaxHeapSize                          = 4196401152                             {manageable} {ergonomic}
     bool UseCompressedOops                        = true                           {product lp64_product} {ergonomic}
     bool UseG1GC                                  = true                                      {product} {ergonomic}
     bool UseLargePagesIndividualAllocation        = false                                  {pd product} {ergonomic}

Logging:
Log output configuration:
 #0: stdout all=warning uptime,level,tags foldmultilines=false
 #1: stderr all=off uptime,level,tags foldmultilines=false

Environment Variables:
PATH=C:\Program Files (x86)\VMware\VMware Workstation\bin\;C:\Program Files\Common Files\Oracle\Java\javapath;C:\Python27\;C:\Python27\Scripts;C:\Program Files\Java\jdk-22\bin;C:\Program Files (x86)\Razer Chroma SDK\bin;C:\Program Files\Razer Chroma SDK\bin;C:\Program Files (x86)\Common Files\Oracle\Java\javapath;C:\Windows\system32;C:\Windows;C:\Windows\System32\Wbem;C:\Windows\System32\WindowsPowerShell\v1.0\;C:\Windows\System32\OpenSSH\;C:\Program Files (x86)\NVIDIA Corporation\PhysX\Common;C:\Program Files\NVIDIA Corporation\NVIDIA NvDLISR;C:\Program Files\dotnet\;C:\Program Files (x86)\blur;C:\Program Files (x86)\Windows Kits\10\Windows Performance Toolkit\;C:\Program Files\WireGuard\;C:\WINDOWS\system32;C:\WINDOWS;C:\WINDOWS\System32\Wbem;C:\WINDOWS\System32\WindowsPowerShell\v1.0\;C:\WINDOWS\System32\OpenSSH\;C:\Program Files\Git\cmd;C:\WINDOWS\system32\config\systemprofile\AppData\Local\Microsoft\WindowsApps;C:\Program Files (x86)\Razer\ChromaBroadcast\bin;C:\Program Files\Razer\ChromaBroadcast\bin;C:\Users\a3203\AppData\Local\Microsoft\WindowsApps;C:\Program Files\JetBrains\IntelliJ IDEA Community Edition 2023.2.1\bin;C:\Users\a3203\AppData\Local\Programs\Microsoft VS Code\bin;C:\Users\a3203\AppData\Local\GitHubDesktop\bin;C:\Program Files\CMake\bin;C:\Program Files (x86)\Windows Kits\8.1\Windows Performance Toolkit\;C:\Users\a3203\AppData\Local\Microsoft\WindowsApps;C:\Program Files\JetBrains\IntelliJ IDEA Community Edition 2023.2.1\bin;;C:\Users\a3203\AppData\Local\Programs\Microsoft VS Code\bin;C:\Users\a3203\AppData\Local\GitHubDesktop\bin;C:\Program Files\CMake\bin;C:\Users\a3203\.dotnet\tools;C:\Users\a3203\AppData\Local\JetBrains\PyCharm Community Edition 2024.1.4\bin;;C:\Qt\Qt5.6.0\5.6\msvc2015_64\bin;
USERNAME=a3203
OS=Windows_NT
PROCESSOR_IDENTIFIER=Intel64 Family 6 Model 183 Stepping 1, GenuineIntel
TMP=C:\Users\a3203\AppData\Local\Temp
TEMP=C:\Users\a3203\AppData\Local\Temp




Periodic native trim disabled

---------------  S Y S T E M  ---------------

OS:
 Windows 11 , 64 bit Build 22621 (10.0.22621.4391)
OS uptime: 0 days 1:49 hours

CPU: total 20 (initial active 20) (10 cores per cpu, 2 threads per core) family 6 model 183 stepping 1 microcode 0x115, cx8, cmov, fxsr, ht, mmx, 3dnowpref, sse, sse2, sse3, ssse3, sse4.1, sse4.2, popcnt, lzcnt, tsc, tscinvbit, avx, avx2, aes, erms, clmul, bmi1, bmi2, adx, sha, fma, vzeroupper, clflush, clflushopt, clwb, serialize, rdtscp, rdpid, fsrm, f16c, pku, cet_ibt, cet_ss
Processor Information for all 20 processors :
  Max Mhz: 2600, Current Mhz: 2600, Mhz Limit: 2600

Memory: 4k page, system-wide physical 16003M (3434M free)
TotalPageFile size 38531M (AvailPageFile size 20910M)
current process WorkingSet (physical memory assigned to process): 98M, peak: 98M
current process commit charge ("private bytes"): 381M, peak: 381M

vm_info: OpenJDK 64-Bit Server VM (21.0.4+7-LTS) for windows-amd64 JRE (21.0.4+7-LTS), built on 2024-07-10T17:34:29Z by "Administrator" with MS VC++ 16.10 / 16.11 (VS2019)

END.
